{"/home/minhyeok/node.js-6th/sprint-MIssion/6-sprint-mission/src/app.ts": {"path":"/home/minhyeok/node.js-6th/sprint-MIssion/6-sprint-mission/src/app.ts","statementMap":{"0":{"start":{"line":1,"column":0},"end":{"line":1,"column":30}},"1":{"start":{"line":2,"column":0},"end":{"line":2,"column":30}},"2":{"start":{"line":3,"column":0},"end":{"line":3,"column":52}},"3":{"start":{"line":4,"column":0},"end":{"line":4,"column":52}},"4":{"start":{"line":5,"column":0},"end":{"line":5,"column":52}},"5":{"start":{"line":6,"column":0},"end":{"line":6,"column":46}},"6":{"start":{"line":7,"column":0},"end":{"line":7,"column":57}},"7":{"start":{"line":8,"column":0},"end":{"line":8,"column":24}},"8":{"start":{"line":10,"column":0},"end":{"line":10,"column":41}},"9":{"start":{"line":11,"column":0},"end":{"line":11,"column":46}},"10":{"start":{"line":12,"column":0},"end":{"line":12,"column":46}},"11":{"start":{"line":13,"column":0},"end":{"line":13,"column":62}},"12":{"start":{"line":14,"column":12},"end":{"line":14,"column":21}},"13":{"start":{"line":15,"column":0},"end":{"line":15,"column":24}},"14":{"start":{"line":16,"column":0},"end":{"line":16,"column":24}},"15":{"start":{"line":18,"column":0},"end":{"line":18,"column":45}},"16":{"start":{"line":19,"column":0},"end":{"line":19,"column":34}},"17":{"start":{"line":22,"column":0},"end":{"line":22,"column":16}},"18":{"start":{"line":25,"column":0},"end":{"line":25,"column":36}},"19":{"start":{"line":28,"column":0},"end":{"line":28,"column":36}},"20":{"start":{"line":31,"column":0},"end":{"line":31,"column":36}},"21":{"start":{"line":34,"column":0},"end":{"line":34,"column":30}},"22":{"start":{"line":40,"column":0},"end":{"line":40,"column":29}},"23":{"start":{"line":43,"column":0},"end":{"line":43,"column":29}},"24":{"start":{"line":46,"column":0},"end":{"line":46,"column":46}},"25":{"start":{"line":49,"column":0},"end":{"line":49,"column":22}},"26":{"start":{"line":51,"column":0},"end":{"line":51,"column":null}}},"fnMap":{},"branchMap":{},"s":{"0":3,"1":3,"2":3,"3":3,"4":3,"5":3,"6":3,"7":3,"8":3,"9":3,"10":3,"11":3,"12":3,"13":3,"14":3,"15":3,"16":3,"17":3,"18":3,"19":3,"20":3,"21":3,"22":3,"23":3,"24":3,"25":3,"26":3},"f":{},"b":{}}
,"/home/minhyeok/node.js-6th/sprint-MIssion/6-sprint-mission/src/socket.ts": {"path":"/home/minhyeok/node.js-6th/sprint-MIssion/6-sprint-mission/src/socket.ts","statementMap":{"0":{"start":{"line":1,"column":0},"end":{"line":1,"column":35}},"1":{"start":{"line":3,"column":0},"end":{"line":3,"column":50}},"2":{"start":{"line":6,"column":24},"end":{"line":6,"column":28}},"3":{"start":{"line":8,"column":26},"end":{"line":33,"column":1}},"4":{"start":{"line":9,"column":2},"end":{"line":13,"column":5}},"5":{"start":{"line":15,"column":2},"end":{"line":28,"column":5}},"6":{"start":{"line":16,"column":18},"end":{"line":16,"column":51}},"7":{"start":{"line":17,"column":4},"end":{"line":19,"column":5}},"8":{"start":{"line":18,"column":6},"end":{"line":18,"column":44}},"9":{"start":{"line":21,"column":4},"end":{"line":27,"column":5}},"10":{"start":{"line":22,"column":22},"end":{"line":22,"column":46}},"11":{"start":{"line":23,"column":7},"end":{"line":23,"column":46}},"12":{"start":{"line":24,"column":6},"end":{"line":24,"column":13}},"13":{"start":{"line":26,"column":6},"end":{"line":26,"column":37}},"14":{"start":{"line":30,"column":2},"end":{"line":32,"column":5}},"15":{"start":{"line":31,"column":4},"end":{"line":31,"column":58}},"16":{"start":{"line":8,"column":13},"end":{"line":8,"column":26}},"17":{"start":{"line":35,"column":21},"end":{"line":40,"column":1}},"18":{"start":{"line":36,"column":2},"end":{"line":38,"column":3}},"19":{"start":{"line":37,"column":4},"end":{"line":37,"column":50}},"20":{"start":{"line":39,"column":2},"end":{"line":39,"column":12}},"21":{"start":{"line":35,"column":13},"end":{"line":35,"column":21}}},"fnMap":{"0":{"name":"(anonymous_0)","decl":{"start":{"line":8,"column":26},"end":{"line":8,"column":27}},"loc":{"start":{"line":8,"column":54},"end":{"line":33,"column":1}}},"1":{"name":"(anonymous_1)","decl":{"start":{"line":15,"column":9},"end":{"line":15,"column":10}},"loc":{"start":{"line":15,"column":26},"end":{"line":28,"column":3}}},"2":{"name":"(anonymous_2)","decl":{"start":{"line":30,"column":22},"end":{"line":30,"column":23}},"loc":{"start":{"line":30,"column":33},"end":{"line":32,"column":3}}},"3":{"name":"(anonymous_3)","decl":{"start":{"line":35,"column":21},"end":{"line":35,"column":32}},"loc":{"start":{"line":35,"column":34},"end":{"line":40,"column":1}}}},"branchMap":{"0":{"loc":{"start":{"line":17,"column":4},"end":{"line":19,"column":5}},"type":"if","locations":[{"start":{"line":17,"column":4},"end":{"line":19,"column":5}},{"start":{},"end":{}}]},"1":{"loc":{"start":{"line":36,"column":2},"end":{"line":38,"column":3}},"type":"if","locations":[{"start":{"line":36,"column":2},"end":{"line":38,"column":3}},{"start":{},"end":{}}]}},"s":{"0":3,"1":3,"2":3,"3":3,"4":0,"5":0,"6":0,"7":0,"8":0,"9":0,"10":0,"11":0,"12":0,"13":0,"14":0,"15":0,"16":3,"17":3,"18":0,"19":0,"20":0,"21":3},"f":{"0":0,"1":0,"2":0,"3":0},"b":{"0":[0,0],"1":[0,0]}}
,"/home/minhyeok/node.js-6th/sprint-MIssion/6-sprint-mission/src/controller/articleController.ts": {"path":"/home/minhyeok/node.js-6th/sprint-MIssion/6-sprint-mission/src/controller/articleController.ts","statementMap":{"0":{"start":{"line":7,"column":0},"end":{"line":7,"column":59}},"1":{"start":{"line":8,"column":0},"end":{"line":8,"column":68}},"2":{"start":{"line":14,"column":26},"end":{"line":14,"column":49}},"3":{"start":{"line":15,"column":23},"end":{"line":15,"column":60}},"4":{"start":{"line":17,"column":0},"end":{"line":17,"column":13}},"5":{"start":{"line":19,"column":9},"end":{"line":23,"column":4}},"6":{"start":{"line":20,"column":18},"end":{"line":20,"column":51}},"7":{"start":{"line":21,"column":20},"end":{"line":21,"column":59}},"8":{"start":{"line":22,"column":4},"end":{"line":22,"column":34}},"9":{"start":{"line":26,"column":9},"end":{"line":32,"column":4}},"10":{"start":{"line":27,"column":24},"end":{"line":27,"column":53}},"11":{"start":{"line":28,"column":25},"end":{"line":28,"column":59}},"12":{"start":{"line":29,"column":17},"end":{"line":29,"column":33}},"13":{"start":{"line":30,"column":20},"end":{"line":30,"column":87}},"14":{"start":{"line":31,"column":4},"end":{"line":31,"column":34}},"15":{"start":{"line":35,"column":9},"end":{"line":39,"column":4}},"16":{"start":{"line":36,"column":27},"end":{"line":36,"column":94}},"17":{"start":{"line":37,"column":20},"end":{"line":37,"column":68}},"18":{"start":{"line":38,"column":4},"end":{"line":38,"column":34}},"19":{"start":{"line":41,"column":9},"end":{"line":47,"column":4}},"20":{"start":{"line":42,"column":27},"end":{"line":42,"column":94}},"21":{"start":{"line":43,"column":24},"end":{"line":43,"column":52}},"22":{"start":{"line":44,"column":17},"end":{"line":44,"column":33}},"23":{"start":{"line":45,"column":20},"end":{"line":45,"column":83}},"24":{"start":{"line":46,"column":4},"end":{"line":46,"column":34}},"25":{"start":{"line":49,"column":9},"end":{"line":54,"column":4}},"26":{"start":{"line":50,"column":27},"end":{"line":50,"column":94}},"27":{"start":{"line":51,"column":17},"end":{"line":51,"column":33}},"28":{"start":{"line":52,"column":4},"end":{"line":52,"column":56}},"29":{"start":{"line":53,"column":4},"end":{"line":53,"column":24}},"30":{"start":{"line":57,"column":9},"end":{"line":62,"column":4}},"31":{"start":{"line":58,"column":24},"end":{"line":58,"column":88}},"32":{"start":{"line":59,"column":17},"end":{"line":59,"column":33}},"33":{"start":{"line":60,"column":27},"end":{"line":60,"column":79}},"34":{"start":{"line":61,"column":4},"end":{"line":61,"column":41}},"35":{"start":{"line":64,"column":9},"end":{"line":69,"column":4}},"36":{"start":{"line":65,"column":24},"end":{"line":65,"column":88}},"37":{"start":{"line":66,"column":17},"end":{"line":66,"column":33}},"38":{"start":{"line":67,"column":25},"end":{"line":67,"column":75}},"39":{"start":{"line":68,"column":4},"end":{"line":68,"column":39}}},"fnMap":{"0":{"name":"(anonymous_0)","decl":{"start":{"line":19,"column":23},"end":{"line":19,"column":28}},"loc":{"start":{"line":19,"column":61},"end":{"line":23,"column":3}}},"1":{"name":"(anonymous_1)","decl":{"start":{"line":26,"column":25},"end":{"line":26,"column":30}},"loc":{"start":{"line":26,"column":63},"end":{"line":32,"column":3}}},"2":{"name":"(anonymous_2)","decl":{"start":{"line":35,"column":28},"end":{"line":35,"column":33}},"loc":{"start":{"line":35,"column":66},"end":{"line":39,"column":3}}},"3":{"name":"(anonymous_3)","decl":{"start":{"line":41,"column":24},"end":{"line":41,"column":29}},"loc":{"start":{"line":41,"column":62},"end":{"line":47,"column":3}}},"4":{"name":"(anonymous_4)","decl":{"start":{"line":49,"column":25},"end":{"line":49,"column":30}},"loc":{"start":{"line":49,"column":63},"end":{"line":54,"column":3}}},"5":{"name":"(anonymous_5)","decl":{"start":{"line":57,"column":29},"end":{"line":57,"column":34}},"loc":{"start":{"line":57,"column":67},"end":{"line":62,"column":3}}},"6":{"name":"(anonymous_6)","decl":{"start":{"line":64,"column":27},"end":{"line":64,"column":32}},"loc":{"start":{"line":64,"column":65},"end":{"line":69,"column":3}}}},"branchMap":{},"s":{"0":3,"1":3,"2":3,"3":3,"4":3,"5":3,"6":5,"7":5,"8":5,"9":3,"10":0,"11":0,"12":0,"13":0,"14":0,"15":3,"16":2,"17":2,"18":1,"19":3,"20":0,"21":0,"22":0,"23":0,"24":0,"25":3,"26":0,"27":0,"28":0,"29":0,"30":3,"31":0,"32":0,"33":0,"34":0,"35":3,"36":0,"37":0,"38":0,"39":0},"f":{"0":5,"1":0,"2":2,"3":0,"4":0,"5":0,"6":0},"b":{}}
,"/home/minhyeok/node.js-6th/sprint-MIssion/6-sprint-mission/src/controller/authController.ts": {"path":"/home/minhyeok/node.js-6th/sprint-MIssion/6-sprint-mission/src/controller/authController.ts","statementMap":{"0":{"start":{"line":1,"column":0},"end":{"line":1,"column":70}},"1":{"start":{"line":2,"column":0},"end":{"line":2,"column":63}},"2":{"start":{"line":12,"column":0},"end":{"line":12,"column":53}},"3":{"start":{"line":13,"column":0},"end":{"line":13,"column":62}},"4":{"start":{"line":16,"column":23},"end":{"line":16,"column":43}},"5":{"start":{"line":17,"column":20},"end":{"line":17,"column":51}},"6":{"start":{"line":19,"column":0},"end":{"line":19,"column":13}},"7":{"start":{"line":21,"column":9},"end":{"line":27,"column":4}},"8":{"start":{"line":22,"column":17},"end":{"line":22,"column":43}},"9":{"start":{"line":23,"column":25},"end":{"line":23,"column":56}},"10":{"start":{"line":24,"column":32},"end":{"line":24,"column":78}},"11":{"start":{"line":26,"column":4},"end":{"line":26,"column":46}},"12":{"start":{"line":30,"column":9},"end":{"line":35,"column":4}},"13":{"start":{"line":31,"column":17},"end":{"line":31,"column":42}},"14":{"start":{"line":32,"column":48},"end":{"line":32,"column":77}},"15":{"start":{"line":33,"column":4},"end":{"line":33,"column":52}},"16":{"start":{"line":34,"column":4},"end":{"line":34,"column":75}},"17":{"start":{"line":38,"column":9},"end":{"line":43,"column":4}},"18":{"start":{"line":39,"column":25},"end":{"line":39,"column":85}},"19":{"start":{"line":40,"column":45},"end":{"line":40,"column":89}},"20":{"start":{"line":41,"column":4},"end":{"line":41,"column":55}},"21":{"start":{"line":42,"column":4},"end":{"line":42,"column":51}},"22":{"start":{"line":46,"column":9},"end":{"line":49,"column":4}},"23":{"start":{"line":47,"column":4},"end":{"line":47,"column":27}},"24":{"start":{"line":48,"column":4},"end":{"line":48,"column":56}},"25":{"start":{"line":52,"column":9},"end":{"line":57,"column":4}},"26":{"start":{"line":53,"column":24},"end":{"line":53,"column":88}},"27":{"start":{"line":54,"column":17},"end":{"line":54,"column":33}},"28":{"start":{"line":55,"column":21},"end":{"line":55,"column":61}},"29":{"start":{"line":56,"column":4},"end":{"line":56,"column":35}},"30":{"start":{"line":60,"column":9},"end":{"line":66,"column":4}},"31":{"start":{"line":61,"column":24},"end":{"line":61,"column":88}},"32":{"start":{"line":62,"column":17},"end":{"line":62,"column":42}},"33":{"start":{"line":63,"column":17},"end":{"line":63,"column":33}},"34":{"start":{"line":64,"column":22},"end":{"line":64,"column":69}},"35":{"start":{"line":65,"column":4},"end":{"line":65,"column":36}},"36":{"start":{"line":69,"column":9},"end":{"line":76,"column":4}},"37":{"start":{"line":70,"column":24},"end":{"line":70,"column":88}},"38":{"start":{"line":71,"column":17},"end":{"line":71,"column":46}},"39":{"start":{"line":72,"column":17},"end":{"line":72,"column":33}},"40":{"start":{"line":73,"column":4},"end":{"line":73,"column":57}},"41":{"start":{"line":75,"column":4},"end":{"line":75,"column":60}},"42":{"start":{"line":79,"column":9},"end":{"line":84,"column":4}},"43":{"start":{"line":80,"column":24},"end":{"line":80,"column":88}},"44":{"start":{"line":81,"column":17},"end":{"line":81,"column":33}},"45":{"start":{"line":82,"column":4},"end":{"line":82,"column":50}},"46":{"start":{"line":83,"column":4},"end":{"line":83,"column":24}}},"fnMap":{"0":{"name":"(anonymous_0)","decl":{"start":{"line":21,"column":20},"end":{"line":21,"column":25}},"loc":{"start":{"line":21,"column":58},"end":{"line":27,"column":3}}},"1":{"name":"(anonymous_1)","decl":{"start":{"line":30,"column":17},"end":{"line":30,"column":22}},"loc":{"start":{"line":30,"column":55},"end":{"line":35,"column":3}}},"2":{"name":"(anonymous_2)","decl":{"start":{"line":38,"column":24},"end":{"line":38,"column":29}},"loc":{"start":{"line":38,"column":62},"end":{"line":43,"column":3}}},"3":{"name":"(anonymous_3)","decl":{"start":{"line":46,"column":18},"end":{"line":46,"column":23}},"loc":{"start":{"line":46,"column":56},"end":{"line":49,"column":3}}},"4":{"name":"(anonymous_4)","decl":{"start":{"line":52,"column":20},"end":{"line":52,"column":25}},"loc":{"start":{"line":52,"column":58},"end":{"line":57,"column":3}}},"5":{"name":"(anonymous_5)","decl":{"start":{"line":60,"column":21},"end":{"line":60,"column":26}},"loc":{"start":{"line":60,"column":59},"end":{"line":66,"column":3}}},"6":{"name":"(anonymous_6)","decl":{"start":{"line":69,"column":26},"end":{"line":69,"column":31}},"loc":{"start":{"line":69,"column":64},"end":{"line":76,"column":3}}},"7":{"name":"(anonymous_7)","decl":{"start":{"line":79,"column":25},"end":{"line":79,"column":30}},"loc":{"start":{"line":79,"column":63},"end":{"line":84,"column":3}}}},"branchMap":{},"s":{"0":3,"1":3,"2":3,"3":3,"4":3,"5":3,"6":3,"7":3,"8":2,"9":2,"10":2,"11":1,"12":3,"13":3,"14":3,"15":1,"16":1,"17":3,"18":0,"19":0,"20":0,"21":0,"22":3,"23":0,"24":0,"25":3,"26":0,"27":0,"28":0,"29":0,"30":3,"31":0,"32":0,"33":0,"34":0,"35":0,"36":3,"37":0,"38":0,"39":0,"40":0,"41":0,"42":3,"43":0,"44":0,"45":0,"46":0},"f":{"0":2,"1":3,"2":0,"3":0,"4":0,"5":0,"6":0,"7":0},"b":{}}
,"/home/minhyeok/node.js-6th/sprint-MIssion/6-sprint-mission/src/controller/commentController.ts": {"path":"/home/minhyeok/node.js-6th/sprint-MIssion/6-sprint-mission/src/controller/commentController.ts","statementMap":{"0":{"start":{"line":11,"column":0},"end":{"line":11,"column":59}},"1":{"start":{"line":12,"column":0},"end":{"line":12,"column":68}},"2":{"start":{"line":16,"column":26},"end":{"line":16,"column":49}},"3":{"start":{"line":17,"column":23},"end":{"line":17,"column":60}},"4":{"start":{"line":19,"column":0},"end":{"line":19,"column":13}},"5":{"start":{"line":20,"column":9},"end":{"line":26,"column":4}},"6":{"start":{"line":21,"column":27},"end":{"line":21,"column":94}},"7":{"start":{"line":22,"column":17},"end":{"line":22,"column":53}},"8":{"start":{"line":23,"column":17},"end":{"line":23,"column":33}},"9":{"start":{"line":24,"column":27},"end":{"line":24,"column":91}},"10":{"start":{"line":25,"column":4},"end":{"line":25,"column":41}},"11":{"start":{"line":28,"column":9},"end":{"line":34,"column":4}},"12":{"start":{"line":29,"column":27},"end":{"line":29,"column":94}},"13":{"start":{"line":30,"column":17},"end":{"line":30,"column":33}},"14":{"start":{"line":31,"column":17},"end":{"line":31,"column":53}},"15":{"start":{"line":32,"column":27},"end":{"line":32,"column":91}},"16":{"start":{"line":33,"column":4},"end":{"line":33,"column":41}},"17":{"start":{"line":36,"column":9},"end":{"line":42,"column":4}},"18":{"start":{"line":37,"column":27},"end":{"line":37,"column":94}},"19":{"start":{"line":38,"column":17},"end":{"line":38,"column":45}},"20":{"start":{"line":39,"column":17},"end":{"line":39,"column":33}},"21":{"start":{"line":40,"column":27},"end":{"line":40,"column":90}},"22":{"start":{"line":41,"column":4},"end":{"line":41,"column":41}},"23":{"start":{"line":44,"column":9},"end":{"line":50,"column":4}},"24":{"start":{"line":45,"column":27},"end":{"line":45,"column":94}},"25":{"start":{"line":46,"column":17},"end":{"line":46,"column":45}},"26":{"start":{"line":47,"column":17},"end":{"line":47,"column":33}},"27":{"start":{"line":48,"column":27},"end":{"line":48,"column":90}},"28":{"start":{"line":49,"column":4},"end":{"line":49,"column":41}},"29":{"start":{"line":52,"column":9},"end":{"line":56,"column":4}},"30":{"start":{"line":53,"column":18},"end":{"line":53,"column":50}},"31":{"start":{"line":54,"column":37},"end":{"line":54,"column":83}},"32":{"start":{"line":55,"column":4},"end":{"line":55,"column":51}},"33":{"start":{"line":58,"column":9},"end":{"line":62,"column":4}},"34":{"start":{"line":59,"column":18},"end":{"line":59,"column":50}},"35":{"start":{"line":60,"column":37},"end":{"line":60,"column":83}},"36":{"start":{"line":61,"column":4},"end":{"line":61,"column":51}},"37":{"start":{"line":64,"column":9},"end":{"line":69,"column":4}},"38":{"start":{"line":65,"column":27},"end":{"line":65,"column":94}},"39":{"start":{"line":66,"column":17},"end":{"line":66,"column":33}},"40":{"start":{"line":67,"column":4},"end":{"line":67,"column":63}},"41":{"start":{"line":68,"column":4},"end":{"line":68,"column":24}},"42":{"start":{"line":71,"column":9},"end":{"line":76,"column":4}},"43":{"start":{"line":72,"column":27},"end":{"line":72,"column":94}},"44":{"start":{"line":73,"column":17},"end":{"line":73,"column":33}},"45":{"start":{"line":74,"column":4},"end":{"line":74,"column":63}},"46":{"start":{"line":75,"column":4},"end":{"line":75,"column":24}}},"fnMap":{"0":{"name":"(anonymous_0)","decl":{"start":{"line":20,"column":32},"end":{"line":20,"column":37}},"loc":{"start":{"line":20,"column":70},"end":{"line":26,"column":3}}},"1":{"name":"(anonymous_1)","decl":{"start":{"line":28,"column":32},"end":{"line":28,"column":37}},"loc":{"start":{"line":28,"column":70},"end":{"line":34,"column":3}}},"2":{"name":"(anonymous_2)","decl":{"start":{"line":36,"column":31},"end":{"line":36,"column":36}},"loc":{"start":{"line":36,"column":69},"end":{"line":42,"column":3}}},"3":{"name":"(anonymous_3)","decl":{"start":{"line":44,"column":31},"end":{"line":44,"column":36}},"loc":{"start":{"line":44,"column":69},"end":{"line":50,"column":3}}},"4":{"name":"(anonymous_4)","decl":{"start":{"line":52,"column":30},"end":{"line":52,"column":35}},"loc":{"start":{"line":52,"column":68},"end":{"line":56,"column":3}}},"5":{"name":"(anonymous_5)","decl":{"start":{"line":58,"column":30},"end":{"line":58,"column":35}},"loc":{"start":{"line":58,"column":68},"end":{"line":62,"column":3}}},"6":{"name":"(anonymous_6)","decl":{"start":{"line":64,"column":32},"end":{"line":64,"column":37}},"loc":{"start":{"line":64,"column":70},"end":{"line":69,"column":3}}},"7":{"name":"(anonymous_7)","decl":{"start":{"line":71,"column":32},"end":{"line":71,"column":37}},"loc":{"start":{"line":71,"column":70},"end":{"line":76,"column":3}}}},"branchMap":{},"s":{"0":3,"1":3,"2":3,"3":3,"4":3,"5":3,"6":0,"7":0,"8":0,"9":0,"10":0,"11":3,"12":0,"13":0,"14":0,"15":0,"16":0,"17":3,"18":0,"19":0,"20":0,"21":0,"22":0,"23":3,"24":0,"25":0,"26":0,"27":0,"28":0,"29":3,"30":0,"31":0,"32":0,"33":3,"34":0,"35":0,"36":0,"37":3,"38":0,"39":0,"40":0,"41":0,"42":3,"43":0,"44":0,"45":0,"46":0},"f":{"0":0,"1":0,"2":0,"3":0,"4":0,"5":0,"6":0,"7":0},"b":{}}
,"/home/minhyeok/node.js-6th/sprint-MIssion/6-sprint-mission/src/controller/likeController.ts": {"path":"/home/minhyeok/node.js-6th/sprint-MIssion/6-sprint-mission/src/controller/likeController.ts","statementMap":{"0":{"start":{"line":3,"column":0},"end":{"line":3,"column":62}},"1":{"start":{"line":4,"column":0},"end":{"line":4,"column":53}},"2":{"start":{"line":8,"column":23},"end":{"line":8,"column":43}},"3":{"start":{"line":9,"column":20},"end":{"line":9,"column":51}},"4":{"start":{"line":11,"column":0},"end":{"line":11,"column":13}},"5":{"start":{"line":12,"column":9},"end":{"line":19,"column":4}},"6":{"start":{"line":13,"column":27},"end":{"line":13,"column":94}},"7":{"start":{"line":14,"column":17},"end":{"line":14,"column":33}},"8":{"start":{"line":15,"column":19},"end":{"line":15,"column":71}},"9":{"start":{"line":16,"column":23},"end":{"line":16,"column":49}},"10":{"start":{"line":17,"column":37},"end":{"line":17,"column":43}},"11":{"start":{"line":18,"column":4},"end":{"line":18,"column":42}},"12":{"start":{"line":21,"column":9},"end":{"line":28,"column":4}},"13":{"start":{"line":22,"column":27},"end":{"line":22,"column":94}},"14":{"start":{"line":23,"column":17},"end":{"line":23,"column":33}},"15":{"start":{"line":24,"column":19},"end":{"line":24,"column":71}},"16":{"start":{"line":25,"column":23},"end":{"line":25,"column":49}},"17":{"start":{"line":26,"column":37},"end":{"line":26,"column":43}},"18":{"start":{"line":27,"column":4},"end":{"line":27,"column":42}}},"fnMap":{"0":{"name":"(anonymous_0)","decl":{"start":{"line":12,"column":29},"end":{"line":12,"column":34}},"loc":{"start":{"line":12,"column":67},"end":{"line":19,"column":3}}},"1":{"name":"(anonymous_1)","decl":{"start":{"line":21,"column":29},"end":{"line":21,"column":34}},"loc":{"start":{"line":21,"column":67},"end":{"line":28,"column":3}}}},"branchMap":{"0":{"loc":{"start":{"line":16,"column":23},"end":{"line":16,"column":49}},"type":"cond-expr","locations":[{"start":{"line":16,"column":40},"end":{"line":16,"column":43}},{"start":{"line":16,"column":46},"end":{"line":16,"column":49}}]},"1":{"loc":{"start":{"line":25,"column":23},"end":{"line":25,"column":49}},"type":"cond-expr","locations":[{"start":{"line":25,"column":40},"end":{"line":25,"column":43}},{"start":{"line":25,"column":46},"end":{"line":25,"column":49}}]}},"s":{"0":3,"1":3,"2":3,"3":3,"4":3,"5":3,"6":0,"7":0,"8":0,"9":0,"10":0,"11":0,"12":3,"13":0,"14":0,"15":0,"16":0,"17":0,"18":0},"f":{"0":0,"1":0},"b":{"0":[0,0],"1":[0,0]}}
,"/home/minhyeok/node.js-6th/sprint-MIssion/6-sprint-mission/src/controller/notificationController.ts": {"path":"/home/minhyeok/node.js-6th/sprint-MIssion/6-sprint-mission/src/controller/notificationController.ts","statementMap":{"0":{"start":{"line":3,"column":0},"end":{"line":3,"column":78}},"1":{"start":{"line":4,"column":0},"end":{"line":4,"column":69}},"2":{"start":{"line":11,"column":31},"end":{"line":11,"column":59}},"3":{"start":{"line":12,"column":28},"end":{"line":12,"column":75}},"4":{"start":{"line":14,"column":0},"end":{"line":14,"column":13}},"5":{"start":{"line":16,"column":9},"end":{"line":21,"column":4}},"6":{"start":{"line":17,"column":18},"end":{"line":17,"column":56}},"7":{"start":{"line":18,"column":17},"end":{"line":18,"column":33}},"8":{"start":{"line":19,"column":26},"end":{"line":19,"column":81}},"9":{"start":{"line":20,"column":4},"end":{"line":20,"column":40}},"10":{"start":{"line":24,"column":9},"end":{"line":28,"column":4}},"11":{"start":{"line":25,"column":17},"end":{"line":25,"column":33}},"12":{"start":{"line":26,"column":18},"end":{"line":26,"column":64}},"13":{"start":{"line":27,"column":4},"end":{"line":27,"column":32}},"14":{"start":{"line":31,"column":9},"end":{"line":36,"column":4}},"15":{"start":{"line":32,"column":32},"end":{"line":32,"column":104}},"16":{"start":{"line":33,"column":17},"end":{"line":33,"column":33}},"17":{"start":{"line":34,"column":25},"end":{"line":34,"column":89}},"18":{"start":{"line":35,"column":4},"end":{"line":35,"column":39}}},"fnMap":{"0":{"name":"(anonymous_0)","decl":{"start":{"line":16,"column":28},"end":{"line":16,"column":33}},"loc":{"start":{"line":16,"column":66},"end":{"line":21,"column":3}}},"1":{"name":"(anonymous_1)","decl":{"start":{"line":24,"column":26},"end":{"line":24,"column":31}},"loc":{"start":{"line":24,"column":64},"end":{"line":28,"column":3}}},"2":{"name":"(anonymous_2)","decl":{"start":{"line":31,"column":28},"end":{"line":31,"column":33}},"loc":{"start":{"line":31,"column":66},"end":{"line":36,"column":3}}}},"branchMap":{},"s":{"0":3,"1":3,"2":3,"3":3,"4":3,"5":3,"6":0,"7":0,"8":0,"9":0,"10":3,"11":0,"12":0,"13":0,"14":3,"15":0,"16":0,"17":0,"18":0},"f":{"0":0,"1":0,"2":0},"b":{}}
,"/home/minhyeok/node.js-6th/sprint-MIssion/6-sprint-mission/src/controller/productController.ts": {"path":"/home/minhyeok/node.js-6th/sprint-MIssion/6-sprint-mission/src/controller/productController.ts","statementMap":{"0":{"start":{"line":9,"column":0},"end":{"line":9,"column":59}},"1":{"start":{"line":10,"column":0},"end":{"line":10,"column":68}},"2":{"start":{"line":13,"column":26},"end":{"line":13,"column":49}},"3":{"start":{"line":14,"column":23},"end":{"line":14,"column":60}},"4":{"start":{"line":16,"column":0},"end":{"line":16,"column":13}},"5":{"start":{"line":18,"column":9},"end":{"line":22,"column":4}},"6":{"start":{"line":19,"column":18},"end":{"line":19,"column":51}},"7":{"start":{"line":20,"column":20},"end":{"line":20,"column":58}},"8":{"start":{"line":21,"column":4},"end":{"line":21,"column":34}},"9":{"start":{"line":25,"column":9},"end":{"line":31,"column":4}},"10":{"start":{"line":26,"column":17},"end":{"line":26,"column":46}},"11":{"start":{"line":27,"column":25},"end":{"line":27,"column":59}},"12":{"start":{"line":28,"column":17},"end":{"line":28,"column":33}},"13":{"start":{"line":29,"column":20},"end":{"line":29,"column":80}},"14":{"start":{"line":30,"column":4},"end":{"line":30,"column":34}},"15":{"start":{"line":34,"column":9},"end":{"line":38,"column":4}},"16":{"start":{"line":35,"column":27},"end":{"line":35,"column":94}},"17":{"start":{"line":36,"column":20},"end":{"line":36,"column":68}},"18":{"start":{"line":37,"column":4},"end":{"line":37,"column":34}},"19":{"start":{"line":41,"column":9},"end":{"line":47,"column":4}},"20":{"start":{"line":42,"column":27},"end":{"line":42,"column":94}},"21":{"start":{"line":43,"column":17},"end":{"line":43,"column":45}},"22":{"start":{"line":44,"column":17},"end":{"line":44,"column":33}},"23":{"start":{"line":45,"column":27},"end":{"line":45,"column":83}},"24":{"start":{"line":46,"column":4},"end":{"line":46,"column":41}},"25":{"start":{"line":50,"column":9},"end":{"line":55,"column":4}},"26":{"start":{"line":51,"column":27},"end":{"line":51,"column":94}},"27":{"start":{"line":52,"column":17},"end":{"line":52,"column":33}},"28":{"start":{"line":53,"column":4},"end":{"line":53,"column":56}},"29":{"start":{"line":54,"column":4},"end":{"line":54,"column":24}},"30":{"start":{"line":58,"column":9},"end":{"line":63,"column":4}},"31":{"start":{"line":59,"column":24},"end":{"line":59,"column":88}},"32":{"start":{"line":60,"column":17},"end":{"line":60,"column":33}},"33":{"start":{"line":61,"column":27},"end":{"line":61,"column":79}},"34":{"start":{"line":62,"column":4},"end":{"line":62,"column":41}},"35":{"start":{"line":66,"column":9},"end":{"line":71,"column":4}},"36":{"start":{"line":67,"column":24},"end":{"line":67,"column":88}},"37":{"start":{"line":68,"column":17},"end":{"line":68,"column":33}},"38":{"start":{"line":69,"column":25},"end":{"line":69,"column":75}},"39":{"start":{"line":70,"column":4},"end":{"line":70,"column":39}}},"fnMap":{"0":{"name":"(anonymous_0)","decl":{"start":{"line":18,"column":22},"end":{"line":18,"column":27}},"loc":{"start":{"line":18,"column":60},"end":{"line":22,"column":3}}},"1":{"name":"(anonymous_1)","decl":{"start":{"line":25,"column":25},"end":{"line":25,"column":30}},"loc":{"start":{"line":25,"column":63},"end":{"line":31,"column":3}}},"2":{"name":"(anonymous_2)","decl":{"start":{"line":34,"column":28},"end":{"line":34,"column":33}},"loc":{"start":{"line":34,"column":66},"end":{"line":38,"column":3}}},"3":{"name":"(anonymous_3)","decl":{"start":{"line":41,"column":24},"end":{"line":41,"column":29}},"loc":{"start":{"line":41,"column":62},"end":{"line":47,"column":3}}},"4":{"name":"(anonymous_4)","decl":{"start":{"line":50,"column":25},"end":{"line":50,"column":30}},"loc":{"start":{"line":50,"column":63},"end":{"line":55,"column":3}}},"5":{"name":"(anonymous_5)","decl":{"start":{"line":58,"column":29},"end":{"line":58,"column":34}},"loc":{"start":{"line":58,"column":67},"end":{"line":63,"column":3}}},"6":{"name":"(anonymous_6)","decl":{"start":{"line":66,"column":27},"end":{"line":66,"column":32}},"loc":{"start":{"line":66,"column":65},"end":{"line":71,"column":3}}}},"branchMap":{},"s":{"0":3,"1":3,"2":3,"3":3,"4":3,"5":3,"6":5,"7":5,"8":5,"9":3,"10":0,"11":0,"12":0,"13":0,"14":0,"15":3,"16":2,"17":2,"18":1,"19":3,"20":0,"21":0,"22":0,"23":0,"24":0,"25":3,"26":0,"27":0,"28":0,"29":0,"30":3,"31":0,"32":0,"33":0,"34":0,"35":3,"36":0,"37":0,"38":0,"39":0},"f":{"0":5,"1":0,"2":2,"3":0,"4":0,"5":0,"6":0},"b":{}}
,"/home/minhyeok/node.js-6th/sprint-MIssion/6-sprint-mission/src/controller/userController.ts": {"path":"/home/minhyeok/node.js-6th/sprint-MIssion/6-sprint-mission/src/controller/userController.ts","statementMap":{"0":{"start":{"line":3,"column":0},"end":{"line":3,"column":53}},"1":{"start":{"line":4,"column":0},"end":{"line":4,"column":62}},"2":{"start":{"line":6,"column":23},"end":{"line":6,"column":43}},"3":{"start":{"line":7,"column":20},"end":{"line":7,"column":51}},"4":{"start":{"line":9,"column":0},"end":{"line":9,"column":13}},"5":{"start":{"line":10,"column":9},"end":{"line":14,"column":4}},"6":{"start":{"line":11,"column":18},"end":{"line":11,"column":47}},"7":{"start":{"line":12,"column":17},"end":{"line":12,"column":49}},"8":{"start":{"line":13,"column":4},"end":{"line":13,"column":31}}},"fnMap":{"0":{"name":"(anonymous_0)","decl":{"start":{"line":10,"column":20},"end":{"line":10,"column":25}},"loc":{"start":{"line":10,"column":58},"end":{"line":14,"column":3}}}},"branchMap":{},"s":{"0":3,"1":3,"2":3,"3":3,"4":3,"5":3,"6":0,"7":0,"8":0},"f":{"0":0},"b":{}}
,"/home/minhyeok/node.js-6th/sprint-MIssion/6-sprint-mission/src/middleware/authenticate.ts": {"path":"/home/minhyeok/node.js-6th/sprint-MIssion/6-sprint-mission/src/middleware/authenticate.ts","statementMap":{"0":{"start":{"line":1,"column":0},"end":{"line":1,"column":47}},"1":{"start":{"line":2,"column":0},"end":{"line":2,"column":51}},"2":{"start":{"line":3,"column":0},"end":{"line":3,"column":62}},"3":{"start":{"line":5,"column":28},"end":{"line":21,"column":1}},"4":{"start":{"line":6,"column":2},"end":{"line":20,"column":3}},"5":{"start":{"line":7,"column":24},"end":{"line":7,"column":61}},"6":{"start":{"line":8,"column":4},"end":{"line":10,"column":5}},"7":{"start":{"line":9,"column":6},"end":{"line":9,"column":65}},"8":{"start":{"line":11,"column":31},"end":{"line":11,"column":61}},"9":{"start":{"line":12,"column":17},"end":{"line":12,"column":72}},"10":{"start":{"line":13,"column":4},"end":{"line":15,"column":5}},"11":{"start":{"line":14,"column":6},"end":{"line":14,"column":73}},"12":{"start":{"line":16,"column":4},"end":{"line":16,"column":20}},"13":{"start":{"line":17,"column":4},"end":{"line":17,"column":11}},"14":{"start":{"line":19,"column":4},"end":{"line":19,"column":63}},"15":{"start":{"line":5,"column":13},"end":{"line":5,"column":28}}},"fnMap":{"0":{"name":"(anonymous_0)","decl":{"start":{"line":5,"column":28},"end":{"line":5,"column":33}},"loc":{"start":{"line":5,"column":86},"end":{"line":21,"column":1}}}},"branchMap":{"0":{"loc":{"start":{"line":8,"column":4},"end":{"line":10,"column":5}},"type":"if","locations":[{"start":{"line":8,"column":4},"end":{"line":10,"column":5}},{"start":{},"end":{}}]},"1":{"loc":{"start":{"line":13,"column":4},"end":{"line":15,"column":5}},"type":"if","locations":[{"start":{"line":13,"column":4},"end":{"line":15,"column":5}},{"start":{},"end":{}}]}},"s":{"0":3,"1":3,"2":3,"3":3,"4":0,"5":0,"6":0,"7":0,"8":0,"9":0,"10":0,"11":0,"12":0,"13":0,"14":0,"15":3},"f":{"0":0},"b":{"0":[0,0],"1":[0,0]}}
,"/home/minhyeok/node.js-6th/sprint-MIssion/6-sprint-mission/src/middleware/errorhandler.ts": {"path":"/home/minhyeok/node.js-6th/sprint-MIssion/6-sprint-mission/src/middleware/errorhandler.ts","statementMap":{"0":{"start":{"line":7,"column":0},"end":{"line":7,"column":16}},"1":{"start":{"line":21,"column":0},"end":{"line":21,"column":7}},"2":{"start":{"line":1,"column":0},"end":{"line":1,"column":40}},"3":{"start":{"line":2,"column":0},"end":{"line":2,"column":29}},"4":{"start":{"line":4,"column":0},"end":{"line":4,"column":44}},"5":{"start":{"line":9,"column":2},"end":{"line":18,"column":4}},"6":{"start":{"line":10,"column":4},"end":{"line":17,"column":5}},"7":{"start":{"line":11,"column":6},"end":{"line":11,"column":30}},"8":{"start":{"line":13,"column":6},"end":{"line":15,"column":7}},"9":{"start":{"line":14,"column":8},"end":{"line":14,"column":65}},"10":{"start":{"line":16,"column":6},"end":{"line":16,"column":14}},"11":{"start":{"line":22,"column":2},"end":{"line":26,"column":3}},"12":{"start":{"line":25,"column":4},"end":{"line":25,"column":35}},"13":{"start":{"line":29,"column":2},"end":{"line":39,"column":3}},"14":{"start":{"line":30,"column":4},"end":{"line":30,"column":60}},"15":{"start":{"line":31,"column":9},"end":{"line":39,"column":3}},"16":{"start":{"line":32,"column":4},"end":{"line":32,"column":19}},"17":{"start":{"line":33,"column":4},"end":{"line":33,"column":69}},"18":{"start":{"line":34,"column":9},"end":{"line":39,"column":3}},"19":{"start":{"line":35,"column":4},"end":{"line":35,"column":72}},"20":{"start":{"line":37,"column":4},"end":{"line":37,"column":19}},"21":{"start":{"line":38,"column":4},"end":{"line":38,"column":59}}},"fnMap":{"0":{"name":"tryCatchHandler","decl":{"start":{"line":7,"column":16},"end":{"line":7,"column":31}},"loc":{"start":{"line":7,"column":53},"end":{"line":19,"column":1}}},"1":{"name":"(anonymous_2)","decl":{"start":{"line":9,"column":9},"end":{"line":9,"column":14}},"loc":{"start":{"line":9,"column":67},"end":{"line":18,"column":3}}},"2":{"name":"errorHandler","decl":{"start":{"line":21,"column":22},"end":{"line":21,"column":34}},"loc":{"start":{"line":21,"column":92},"end":{"line":40,"column":1}}}},"branchMap":{"0":{"loc":{"start":{"line":13,"column":6},"end":{"line":15,"column":7}},"type":"if","locations":[{"start":{"line":13,"column":6},"end":{"line":15,"column":7}},{"start":{},"end":{}}]},"1":{"loc":{"start":{"line":22,"column":2},"end":{"line":26,"column":3}},"type":"if","locations":[{"start":{"line":22,"column":2},"end":{"line":26,"column":3}},{"start":{},"end":{}}]},"2":{"loc":{"start":{"line":29,"column":2},"end":{"line":39,"column":3}},"type":"if","locations":[{"start":{"line":29,"column":2},"end":{"line":39,"column":3}},{"start":{"line":31,"column":9},"end":{"line":39,"column":3}}]},"3":{"loc":{"start":{"line":29,"column":6},"end":{"line":29,"column":77}},"type":"binary-expr","locations":[{"start":{"line":29,"column":6},"end":{"line":29,"column":55}},{"start":{"line":29,"column":59},"end":{"line":29,"column":77}}]},"4":{"loc":{"start":{"line":31,"column":9},"end":{"line":39,"column":3}},"type":"if","locations":[{"start":{"line":31,"column":9},"end":{"line":39,"column":3}},{"start":{"line":34,"column":9},"end":{"line":39,"column":3}}]},"5":{"loc":{"start":{"line":34,"column":9},"end":{"line":39,"column":3}},"type":"if","locations":[{"start":{"line":34,"column":9},"end":{"line":39,"column":3}},{"start":{"line":36,"column":9},"end":{"line":39,"column":3}}]},"6":{"loc":{"start":{"line":34,"column":13},"end":{"line":34,"column":84}},"type":"binary-expr","locations":[{"start":{"line":34,"column":13},"end":{"line":34,"column":62}},{"start":{"line":34,"column":66},"end":{"line":34,"column":84}}]}},"s":{"0":3,"1":3,"2":3,"3":3,"4":3,"5":108,"6":19,"7":19,"8":5,"9":2,"10":3,"11":5,"12":0,"13":5,"14":2,"15":3,"16":2,"17":2,"18":1,"19":1,"20":0,"21":0},"f":{"0":108,"1":19,"2":5},"b":{"0":[2,3],"1":[0,5],"2":[2,3],"3":[5,3],"4":[2,1],"5":[1,0],"6":[1,1]}}
,"/home/minhyeok/node.js-6th/sprint-MIssion/6-sprint-mission/src/middleware/formdataParser.ts": {"path":"/home/minhyeok/node.js-6th/sprint-MIssion/6-sprint-mission/src/middleware/formdataParser.ts","statementMap":{"0":{"start":{"line":7,"column":0},"end":{"line":7,"column":16}},"1":{"start":{"line":1,"column":0},"end":{"line":1,"column":20}},"2":{"start":{"line":2,"column":0},"end":{"line":2,"column":24}},"3":{"start":{"line":3,"column":0},"end":{"line":3,"column":28}},"4":{"start":{"line":4,"column":0},"end":{"line":4,"column":28}},"5":{"start":{"line":9,"column":20},"end":{"line":9,"column":66}},"6":{"start":{"line":13,"column":2},"end":{"line":15,"column":3}},"7":{"start":{"line":14,"column":4},"end":{"line":14,"column":49}},"8":{"start":{"line":18,"column":18},"end":{"line":27,"column":4}},"9":{"start":{"line":20,"column":6},"end":{"line":20,"column":26}},"10":{"start":{"line":23,"column":21},"end":{"line":23,"column":59}},"11":{"start":{"line":24,"column":18},"end":{"line":24,"column":49}},"12":{"start":{"line":25,"column":6},"end":{"line":25,"column":29}},"13":{"start":{"line":31,"column":4},"end":{"line":35,"column":5}},"14":{"start":{"line":32,"column":6},"end":{"line":32,"column":21}},"15":{"start":{"line":34,"column":6},"end":{"line":34,"column":42}},"16":{"start":{"line":39,"column":2},"end":{"line":43,"column":5}},"17":{"start":{"line":46,"column":13},"end":{"line":46,"column":46}}},"fnMap":{"0":{"name":"UploadImage","decl":{"start":{"line":7,"column":16},"end":{"line":7,"column":27}},"loc":{"start":{"line":7,"column":45},"end":{"line":44,"column":1}}},"1":{"name":"(anonymous_2)","decl":{"start":{"line":19,"column":17},"end":{"line":19,"column":18}},"loc":{"start":{"line":19,"column":37},"end":{"line":21,"column":5}}},"2":{"name":"(anonymous_3)","decl":{"start":{"line":22,"column":14},"end":{"line":22,"column":15}},"loc":{"start":{"line":22,"column":33},"end":{"line":26,"column":5}}},"3":{"name":"fileFilter","decl":{"start":{"line":30,"column":11},"end":{"line":30,"column":21}},"loc":{"start":{"line":30,"column":93},"end":{"line":36,"column":3}}}},"branchMap":{"0":{"loc":{"start":{"line":13,"column":2},"end":{"line":15,"column":3}},"type":"if","locations":[{"start":{"line":13,"column":2},"end":{"line":15,"column":3}},{"start":{},"end":{}}]},"1":{"loc":{"start":{"line":31,"column":4},"end":{"line":35,"column":5}},"type":"if","locations":[{"start":{"line":31,"column":4},"end":{"line":35,"column":5}},{"start":{"line":33,"column":11},"end":{"line":35,"column":5}}]}},"s":{"0":3,"1":3,"2":3,"3":3,"4":3,"5":9,"6":9,"7":0,"8":9,"9":0,"10":0,"11":0,"12":0,"13":0,"14":0,"15":0,"16":9,"17":3},"f":{"0":9,"1":0,"2":0,"3":0},"b":{"0":[0,9],"1":[0,0]}}
,"/home/minhyeok/node.js-6th/sprint-MIssion/6-sprint-mission/src/middleware/productValidate.ts": {"path":"/home/minhyeok/node.js-6th/sprint-MIssion/6-sprint-mission/src/middleware/productValidate.ts","statementMap":{"0":{"start":{"line":4,"column":0},"end":{"line":4,"column":16}},"1":{"start":{"line":1,"column":0},"end":{"line":1,"column":45}},"2":{"start":{"line":5,"column":2},"end":{"line":20,"column":4}},"3":{"start":{"line":6,"column":4},"end":{"line":19,"column":5}},"4":{"start":{"line":7,"column":19},"end":{"line":7,"column":27}},"5":{"start":{"line":8,"column":6},"end":{"line":10,"column":7}},"6":{"start":{"line":9,"column":8},"end":{"line":9,"column":46}},"7":{"start":{"line":11,"column":6},"end":{"line":13,"column":7}},"8":{"start":{"line":12,"column":8},"end":{"line":12,"column":46}},"9":{"start":{"line":15,"column":6},"end":{"line":15,"column":31}},"10":{"start":{"line":16,"column":6},"end":{"line":16,"column":13}},"11":{"start":{"line":18,"column":6},"end":{"line":18,"column":14}}},"fnMap":{"0":{"name":"productValidate","decl":{"start":{"line":4,"column":16},"end":{"line":4,"column":31}},"loc":{"start":{"line":4,"column":58},"end":{"line":21,"column":1}}},"1":{"name":"(anonymous_1)","decl":{"start":{"line":5,"column":9},"end":{"line":5,"column":10}},"loc":{"start":{"line":5,"column":61},"end":{"line":20,"column":3}}}},"branchMap":{"0":{"loc":{"start":{"line":8,"column":6},"end":{"line":10,"column":7}},"type":"if","locations":[{"start":{"line":8,"column":6},"end":{"line":10,"column":7}},{"start":{},"end":{}}]},"1":{"loc":{"start":{"line":11,"column":6},"end":{"line":13,"column":7}},"type":"if","locations":[{"start":{"line":11,"column":6},"end":{"line":13,"column":7}},{"start":{},"end":{}}]}},"s":{"0":3,"1":3,"2":6,"3":0,"4":0,"5":0,"6":0,"7":0,"8":0,"9":0,"10":0,"11":0},"f":{"0":6,"1":0},"b":{"0":[0,0],"1":[0,0]}}
,"/home/minhyeok/node.js-6th/sprint-MIssion/6-sprint-mission/src/middleware/validate.ts": {"path":"/home/minhyeok/node.js-6th/sprint-MIssion/6-sprint-mission/src/middleware/validate.ts","statementMap":{"0":{"start":{"line":8,"column":0},"end":{"line":8,"column":16}},"1":{"start":{"line":1,"column":0},"end":{"line":1,"column":45}},"2":{"start":{"line":9,"column":2},"end":{"line":21,"column":4}},"3":{"start":{"line":10,"column":4},"end":{"line":20,"column":5}},"4":{"start":{"line":11,"column":24},"end":{"line":11,"column":51}},"5":{"start":{"line":12,"column":6},"end":{"line":16,"column":7}},"6":{"start":{"line":13,"column":9},"end":{"line":13,"column":71}},"7":{"start":{"line":15,"column":8},"end":{"line":15,"column":32}},"8":{"start":{"line":17,"column":6},"end":{"line":17,"column":13}},"9":{"start":{"line":19,"column":6},"end":{"line":19,"column":14}}},"fnMap":{"0":{"name":"validate","decl":{"start":{"line":8,"column":16},"end":{"line":8,"column":24}},"loc":{"start":{"line":8,"column":83},"end":{"line":22,"column":1}}},"1":{"name":"(anonymous_1)","decl":{"start":{"line":9,"column":9},"end":{"line":9,"column":10}},"loc":{"start":{"line":9,"column":61},"end":{"line":21,"column":3}}}},"branchMap":{"0":{"loc":{"start":{"line":8,"column":53},"end":{"line":8,"column":83}},"type":"default-arg","locations":[{"start":{"line":8,"column":77},"end":{"line":8,"column":83}}]},"1":{"loc":{"start":{"line":12,"column":6},"end":{"line":16,"column":7}},"type":"if","locations":[{"start":{"line":12,"column":6},"end":{"line":16,"column":7}},{"start":{"line":14,"column":13},"end":{"line":16,"column":7}}]}},"s":{"0":3,"1":3,"2":117,"3":21,"4":21,"5":19,"6":4,"7":15,"8":19,"9":2},"f":{"0":117,"1":21},"b":{"0":[30],"1":[4,15]}}
,"/home/minhyeok/node.js-6th/sprint-MIssion/6-sprint-mission/src/repository/articleRepository.ts": {"path":"/home/minhyeok/node.js-6th/sprint-MIssion/6-sprint-mission/src/repository/articleRepository.ts","statementMap":{"0":{"start":{"line":1,"column":0},"end":{"line":1,"column":47}},"1":{"start":{"line":6,"column":4},"end":{"line":6,"column":44}},"2":{"start":{"line":9,"column":4},"end":{"line":9,"column":42}},"3":{"start":{"line":14,"column":4},"end":{"line":14,"column":53}},"4":{"start":{"line":17,"column":4},"end":{"line":17,"column":41}},"5":{"start":{"line":20,"column":4},"end":{"line":20,"column":41}},"6":{"start":{"line":4,"column":0},"end":{"line":4,"column":13}}},"fnMap":{"0":{"name":"(anonymous_0)","decl":{"start":{"line":5,"column":2},"end":{"line":5,"column":7}},"loc":{"start":{"line":5,"column":52},"end":{"line":7,"column":3}}},"1":{"name":"(anonymous_1)","decl":{"start":{"line":8,"column":2},"end":{"line":8,"column":7}},"loc":{"start":{"line":8,"column":48},"end":{"line":10,"column":3}}},"2":{"name":"(anonymous_2)","decl":{"start":{"line":11,"column":2},"end":{"line":11,"column":7}},"loc":{"start":{"line":12,"column":72},"end":{"line":15,"column":3}}},"3":{"name":"(anonymous_3)","decl":{"start":{"line":16,"column":2},"end":{"line":16,"column":7}},"loc":{"start":{"line":16,"column":47},"end":{"line":18,"column":3}}},"4":{"name":"(anonymous_4)","decl":{"start":{"line":19,"column":2},"end":{"line":19,"column":7}},"loc":{"start":{"line":19,"column":47},"end":{"line":21,"column":3}}}},"branchMap":{},"s":{"0":3,"1":5,"2":0,"3":2,"4":0,"5":0,"6":3},"f":{"0":5,"1":0,"2":2,"3":0,"4":0},"b":{}}
,"/home/minhyeok/node.js-6th/sprint-MIssion/6-sprint-mission/src/repository/authRepository.ts": {"path":"/home/minhyeok/node.js-6th/sprint-MIssion/6-sprint-mission/src/repository/authRepository.ts","statementMap":{"0":{"start":{"line":1,"column":0},"end":{"line":1,"column":47}},"1":{"start":{"line":6,"column":4},"end":{"line":6,"column":45}},"2":{"start":{"line":9,"column":4},"end":{"line":9,"column":49}},"3":{"start":{"line":12,"column":4},"end":{"line":12,"column":45}},"4":{"start":{"line":15,"column":4},"end":{"line":15,"column":45}},"5":{"start":{"line":4,"column":0},"end":{"line":4,"column":13}}},"fnMap":{"0":{"name":"(anonymous_0)","decl":{"start":{"line":5,"column":2},"end":{"line":5,"column":7}},"loc":{"start":{"line":5,"column":45},"end":{"line":7,"column":3}}},"1":{"name":"(anonymous_1)","decl":{"start":{"line":8,"column":2},"end":{"line":8,"column":7}},"loc":{"start":{"line":8,"column":53},"end":{"line":10,"column":3}}},"2":{"name":"(anonymous_2)","decl":{"start":{"line":11,"column":2},"end":{"line":11,"column":7}},"loc":{"start":{"line":11,"column":45},"end":{"line":13,"column":3}}},"3":{"name":"(anonymous_3)","decl":{"start":{"line":14,"column":2},"end":{"line":14,"column":7}},"loc":{"start":{"line":14,"column":45},"end":{"line":16,"column":3}}}},"branchMap":{},"s":{"0":3,"1":2,"2":3,"3":0,"4":0,"5":3},"f":{"0":2,"1":3,"2":0,"3":0},"b":{}}
,"/home/minhyeok/node.js-6th/sprint-MIssion/6-sprint-mission/src/repository/commentRepository.ts": {"path":"/home/minhyeok/node.js-6th/sprint-MIssion/6-sprint-mission/src/repository/commentRepository.ts","statementMap":{"0":{"start":{"line":2,"column":0},"end":{"line":2,"column":47}},"1":{"start":{"line":7,"column":4},"end":{"line":7,"column":49}},"2":{"start":{"line":10,"column":4},"end":{"line":10,"column":49}},"3":{"start":{"line":13,"column":4},"end":{"line":13,"column":51}},"4":{"start":{"line":16,"column":4},"end":{"line":16,"column":53}},"5":{"start":{"line":19,"column":4},"end":{"line":19,"column":49}},"6":{"start":{"line":24,"column":4},"end":{"line":24,"column":49}},"7":{"start":{"line":27,"column":4},"end":{"line":27,"column":49}},"8":{"start":{"line":30,"column":4},"end":{"line":30,"column":51}},"9":{"start":{"line":33,"column":4},"end":{"line":33,"column":53}},"10":{"start":{"line":36,"column":4},"end":{"line":36,"column":49}},"11":{"start":{"line":4,"column":0},"end":{"line":4,"column":13}}},"fnMap":{"0":{"name":"(anonymous_0)","decl":{"start":{"line":6,"column":2},"end":{"line":6,"column":7}},"loc":{"start":{"line":6,"column":69},"end":{"line":8,"column":3}}},"1":{"name":"(anonymous_1)","decl":{"start":{"line":9,"column":2},"end":{"line":9,"column":7}},"loc":{"start":{"line":9,"column":69},"end":{"line":11,"column":3}}},"2":{"name":"(anonymous_2)","decl":{"start":{"line":12,"column":2},"end":{"line":12,"column":7}},"loc":{"start":{"line":12,"column":73},"end":{"line":14,"column":3}}},"3":{"name":"(anonymous_3)","decl":{"start":{"line":15,"column":2},"end":{"line":15,"column":7}},"loc":{"start":{"line":15,"column":77},"end":{"line":17,"column":3}}},"4":{"name":"(anonymous_4)","decl":{"start":{"line":18,"column":2},"end":{"line":18,"column":7}},"loc":{"start":{"line":18,"column":69},"end":{"line":20,"column":3}}},"5":{"name":"(anonymous_5)","decl":{"start":{"line":23,"column":2},"end":{"line":23,"column":7}},"loc":{"start":{"line":23,"column":69},"end":{"line":25,"column":3}}},"6":{"name":"(anonymous_6)","decl":{"start":{"line":26,"column":2},"end":{"line":26,"column":7}},"loc":{"start":{"line":26,"column":69},"end":{"line":28,"column":3}}},"7":{"name":"(anonymous_7)","decl":{"start":{"line":29,"column":2},"end":{"line":29,"column":7}},"loc":{"start":{"line":29,"column":73},"end":{"line":31,"column":3}}},"8":{"name":"(anonymous_8)","decl":{"start":{"line":32,"column":2},"end":{"line":32,"column":7}},"loc":{"start":{"line":32,"column":77},"end":{"line":34,"column":3}}},"9":{"name":"(anonymous_9)","decl":{"start":{"line":35,"column":2},"end":{"line":35,"column":7}},"loc":{"start":{"line":35,"column":69},"end":{"line":37,"column":3}}}},"branchMap":{},"s":{"0":3,"1":0,"2":0,"3":0,"4":0,"5":0,"6":0,"7":0,"8":0,"9":0,"10":0,"11":3},"f":{"0":0,"1":0,"2":0,"3":0,"4":0,"5":0,"6":0,"7":0,"8":0,"9":0},"b":{}}
,"/home/minhyeok/node.js-6th/sprint-MIssion/6-sprint-mission/src/repository/likeRepository.ts": {"path":"/home/minhyeok/node.js-6th/sprint-MIssion/6-sprint-mission/src/repository/likeRepository.ts","statementMap":{"0":{"start":{"line":2,"column":0},"end":{"line":2,"column":47}},"1":{"start":{"line":6,"column":4},"end":{"line":6,"column":46}},"2":{"start":{"line":9,"column":4},"end":{"line":9,"column":46}},"3":{"start":{"line":12,"column":4},"end":{"line":12,"column":49}},"4":{"start":{"line":16,"column":4},"end":{"line":16,"column":46}},"5":{"start":{"line":19,"column":4},"end":{"line":19,"column":46}},"6":{"start":{"line":22,"column":4},"end":{"line":22,"column":49}},"7":{"start":{"line":4,"column":0},"end":{"line":4,"column":13}}},"fnMap":{"0":{"name":"(anonymous_0)","decl":{"start":{"line":5,"column":2},"end":{"line":5,"column":7}},"loc":{"start":{"line":5,"column":63},"end":{"line":7,"column":3}}},"1":{"name":"(anonymous_1)","decl":{"start":{"line":8,"column":2},"end":{"line":8,"column":7}},"loc":{"start":{"line":8,"column":63},"end":{"line":10,"column":3}}},"2":{"name":"(anonymous_2)","decl":{"start":{"line":11,"column":2},"end":{"line":11,"column":7}},"loc":{"start":{"line":11,"column":69},"end":{"line":13,"column":3}}},"3":{"name":"(anonymous_3)","decl":{"start":{"line":15,"column":2},"end":{"line":15,"column":7}},"loc":{"start":{"line":15,"column":63},"end":{"line":17,"column":3}}},"4":{"name":"(anonymous_4)","decl":{"start":{"line":18,"column":2},"end":{"line":18,"column":7}},"loc":{"start":{"line":18,"column":63},"end":{"line":20,"column":3}}},"5":{"name":"(anonymous_5)","decl":{"start":{"line":21,"column":2},"end":{"line":21,"column":7}},"loc":{"start":{"line":21,"column":69},"end":{"line":23,"column":3}}}},"branchMap":{},"s":{"0":3,"1":0,"2":0,"3":0,"4":0,"5":0,"6":0,"7":3},"f":{"0":0,"1":0,"2":0,"3":0,"4":0,"5":0},"b":{}}
,"/home/minhyeok/node.js-6th/sprint-MIssion/6-sprint-mission/src/repository/notificationRepository.ts": {"path":"/home/minhyeok/node.js-6th/sprint-MIssion/6-sprint-mission/src/repository/notificationRepository.ts","statementMap":{"0":{"start":{"line":1,"column":0},"end":{"line":1,"column":47}},"1":{"start":{"line":6,"column":4},"end":{"line":6,"column":49}},"2":{"start":{"line":9,"column":4},"end":{"line":9,"column":46}},"3":{"start":{"line":12,"column":4},"end":{"line":12,"column":47}},"4":{"start":{"line":17,"column":4},"end":{"line":17,"column":58}},"5":{"start":{"line":4,"column":0},"end":{"line":4,"column":13}}},"fnMap":{"0":{"name":"(anonymous_0)","decl":{"start":{"line":5,"column":2},"end":{"line":5,"column":7}},"loc":{"start":{"line":5,"column":57},"end":{"line":7,"column":3}}},"1":{"name":"(anonymous_1)","decl":{"start":{"line":8,"column":2},"end":{"line":8,"column":7}},"loc":{"start":{"line":8,"column":51},"end":{"line":10,"column":3}}},"2":{"name":"(anonymous_2)","decl":{"start":{"line":11,"column":2},"end":{"line":11,"column":7}},"loc":{"start":{"line":11,"column":53},"end":{"line":13,"column":3}}},"3":{"name":"(anonymous_3)","decl":{"start":{"line":14,"column":2},"end":{"line":14,"column":7}},"loc":{"start":{"line":15,"column":77},"end":{"line":18,"column":3}}}},"branchMap":{},"s":{"0":3,"1":0,"2":0,"3":0,"4":0,"5":3},"f":{"0":0,"1":0,"2":0,"3":0},"b":{}}
,"/home/minhyeok/node.js-6th/sprint-MIssion/6-sprint-mission/src/repository/productRepository.ts": {"path":"/home/minhyeok/node.js-6th/sprint-MIssion/6-sprint-mission/src/repository/productRepository.ts","statementMap":{"0":{"start":{"line":2,"column":0},"end":{"line":2,"column":47}},"1":{"start":{"line":6,"column":4},"end":{"line":6,"column":44}},"2":{"start":{"line":11,"column":4},"end":{"line":11,"column":53}},"3":{"start":{"line":14,"column":4},"end":{"line":14,"column":46}},"4":{"start":{"line":17,"column":4},"end":{"line":17,"column":42}},"5":{"start":{"line":20,"column":4},"end":{"line":20,"column":42}},"6":{"start":{"line":23,"column":4},"end":{"line":23,"column":42}},"7":{"start":{"line":26,"column":4},"end":{"line":26,"column":41}},"8":{"start":{"line":29,"column":4},"end":{"line":29,"column":38}},"9":{"start":{"line":32,"column":4},"end":{"line":32,"column":48}},"10":{"start":{"line":4,"column":0},"end":{"line":4,"column":13}}},"fnMap":{"0":{"name":"(anonymous_0)","decl":{"start":{"line":5,"column":2},"end":{"line":5,"column":7}},"loc":{"start":{"line":5,"column":52},"end":{"line":7,"column":3}}},"1":{"name":"(anonymous_1)","decl":{"start":{"line":8,"column":2},"end":{"line":8,"column":7}},"loc":{"start":{"line":9,"column":72},"end":{"line":12,"column":3}}},"2":{"name":"(anonymous_2)","decl":{"start":{"line":13,"column":2},"end":{"line":13,"column":7}},"loc":{"start":{"line":13,"column":56},"end":{"line":15,"column":3}}},"3":{"name":"(anonymous_3)","decl":{"start":{"line":16,"column":2},"end":{"line":16,"column":7}},"loc":{"start":{"line":16,"column":48},"end":{"line":18,"column":3}}},"4":{"name":"(anonymous_4)","decl":{"start":{"line":19,"column":2},"end":{"line":19,"column":7}},"loc":{"start":{"line":19,"column":48},"end":{"line":21,"column":3}}},"5":{"name":"(anonymous_5)","decl":{"start":{"line":22,"column":2},"end":{"line":22,"column":7}},"loc":{"start":{"line":22,"column":48},"end":{"line":24,"column":3}}},"6":{"name":"(anonymous_6)","decl":{"start":{"line":25,"column":2},"end":{"line":25,"column":7}},"loc":{"start":{"line":25,"column":53},"end":{"line":27,"column":3}}},"7":{"name":"(anonymous_7)","decl":{"start":{"line":28,"column":2},"end":{"line":28,"column":7}},"loc":{"start":{"line":28,"column":47},"end":{"line":30,"column":3}}},"8":{"name":"(anonymous_8)","decl":{"start":{"line":31,"column":2},"end":{"line":31,"column":7}},"loc":{"start":{"line":31,"column":57},"end":{"line":33,"column":3}}}},"branchMap":{},"s":{"0":3,"1":5,"2":2,"3":0,"4":0,"5":0,"6":0,"7":0,"8":0,"9":0,"10":3},"f":{"0":5,"1":2,"2":0,"3":0,"4":0,"5":0,"6":0,"7":0,"8":0},"b":{}}
,"/home/minhyeok/node.js-6th/sprint-MIssion/6-sprint-mission/src/repository/userRepository.ts": {"path":"/home/minhyeok/node.js-6th/sprint-MIssion/6-sprint-mission/src/repository/userRepository.ts","statementMap":{"0":{"start":{"line":2,"column":0},"end":{"line":2,"column":47}},"1":{"start":{"line":6,"column":4},"end":{"line":6,"column":41}},"2":{"start":{"line":9,"column":4},"end":{"line":9,"column":39}},"3":{"start":{"line":4,"column":0},"end":{"line":4,"column":13}}},"fnMap":{"0":{"name":"(anonymous_0)","decl":{"start":{"line":5,"column":2},"end":{"line":5,"column":7}},"loc":{"start":{"line":5,"column":49},"end":{"line":7,"column":3}}},"1":{"name":"(anonymous_1)","decl":{"start":{"line":8,"column":2},"end":{"line":8,"column":7}},"loc":{"start":{"line":8,"column":45},"end":{"line":10,"column":3}}}},"branchMap":{},"s":{"0":3,"1":0,"2":0,"3":3},"f":{"0":0,"1":0},"b":{}}
,"/home/minhyeok/node.js-6th/sprint-MIssion/6-sprint-mission/src/routers/articleRouter.ts": {"path":"/home/minhyeok/node.js-6th/sprint-MIssion/6-sprint-mission/src/routers/articleRouter.ts","statementMap":{"0":{"start":{"line":1,"column":0},"end":{"line":1,"column":30}},"1":{"start":{"line":2,"column":0},"end":{"line":2,"column":50}},"2":{"start":{"line":3,"column":0},"end":{"line":3,"column":null}},"3":{"start":{"line":9,"column":0},"end":{"line":9,"column":61}},"4":{"start":{"line":10,"column":0},"end":{"line":10,"column":68}},"5":{"start":{"line":11,"column":0},"end":{"line":11,"column":59}},"6":{"start":{"line":12,"column":0},"end":{"line":12,"column":58}},"7":{"start":{"line":13,"column":0},"end":{"line":13,"column":53}},"8":{"start":{"line":14,"column":22},"end":{"line":14,"column":38}},"9":{"start":{"line":16,"column":27},"end":{"line":16,"column":55}},"10":{"start":{"line":19,"column":0},"end":{"line":27,"column":4}},"11":{"start":{"line":29,"column":0},"end":{"line":43,"column":4}},"12":{"start":{"line":45,"column":0},"end":{"line":57,"column":4}},"13":{"start":{"line":59,"column":0},"end":{"line":59,"column":29}}},"fnMap":{},"branchMap":{},"s":{"0":3,"1":3,"2":3,"3":3,"4":3,"5":3,"6":3,"7":3,"8":3,"9":3,"10":3,"11":3,"12":3,"13":3},"f":{},"b":{}}
,"/home/minhyeok/node.js-6th/sprint-MIssion/6-sprint-mission/src/routers/authRouter.ts": {"path":"/home/minhyeok/node.js-6th/sprint-MIssion/6-sprint-mission/src/routers/authRouter.ts","statementMap":{"0":{"start":{"line":1,"column":0},"end":{"line":1,"column":30}},"1":{"start":{"line":2,"column":0},"end":{"line":2,"column":50}},"2":{"start":{"line":3,"column":0},"end":{"line":3,"column":null}},"3":{"start":{"line":10,"column":0},"end":{"line":10,"column":61}},"4":{"start":{"line":11,"column":0},"end":{"line":11,"column":59}},"5":{"start":{"line":12,"column":0},"end":{"line":12,"column":62}},"6":{"start":{"line":13,"column":0},"end":{"line":13,"column":58}},"7":{"start":{"line":15,"column":19},"end":{"line":15,"column":35}},"8":{"start":{"line":16,"column":22},"end":{"line":16,"column":50}},"9":{"start":{"line":18,"column":0},"end":{"line":27,"column":59}},"10":{"start":{"line":29,"column":0},"end":{"line":57,"column":4}},"11":{"start":{"line":59,"column":0},"end":{"line":59,"column":26}}},"fnMap":{},"branchMap":{},"s":{"0":3,"1":3,"2":3,"3":3,"4":3,"5":3,"6":3,"7":3,"8":3,"9":3,"10":3,"11":3},"f":{},"b":{}}
,"/home/minhyeok/node.js-6th/sprint-MIssion/6-sprint-mission/src/routers/commentRouter.ts": {"path":"/home/minhyeok/node.js-6th/sprint-MIssion/6-sprint-mission/src/routers/commentRouter.ts","statementMap":{"0":{"start":{"line":1,"column":0},"end":{"line":1,"column":30}},"1":{"start":{"line":2,"column":0},"end":{"line":2,"column":90}},"2":{"start":{"line":3,"column":0},"end":{"line":3,"column":50}},"3":{"start":{"line":4,"column":0},"end":{"line":4,"column":61}},"4":{"start":{"line":5,"column":0},"end":{"line":5,"column":68}},"5":{"start":{"line":6,"column":0},"end":{"line":6,"column":58}},"6":{"start":{"line":7,"column":0},"end":{"line":7,"column":58}},"7":{"start":{"line":8,"column":0},"end":{"line":8,"column":59}},"8":{"start":{"line":9,"column":0},"end":{"line":9,"column":64}},"9":{"start":{"line":10,"column":0},"end":{"line":10,"column":59}},"10":{"start":{"line":11,"column":0},"end":{"line":11,"column":64}},"11":{"start":{"line":12,"column":22},"end":{"line":12,"column":38}},"12":{"start":{"line":15,"column":0},"end":{"line":28,"column":4}},"13":{"start":{"line":31,"column":0},"end":{"line":44,"column":4}},"14":{"start":{"line":47,"column":0},"end":{"line":55,"column":4}},"15":{"start":{"line":58,"column":0},"end":{"line":66,"column":4}},"16":{"start":{"line":69,"column":0},"end":{"line":71,"column":98}},"17":{"start":{"line":74,"column":0},"end":{"line":76,"column":98}},"18":{"start":{"line":79,"column":0},"end":{"line":79,"column":29}}},"fnMap":{},"branchMap":{},"s":{"0":3,"1":3,"2":3,"3":3,"4":3,"5":3,"6":3,"7":3,"8":3,"9":3,"10":3,"11":3,"12":3,"13":3,"14":3,"15":3,"16":3,"17":3,"18":3},"f":{},"b":{}}
,"/home/minhyeok/node.js-6th/sprint-MIssion/6-sprint-mission/src/routers/likeRouter.ts": {"path":"/home/minhyeok/node.js-6th/sprint-MIssion/6-sprint-mission/src/routers/likeRouter.ts","statementMap":{"0":{"start":{"line":1,"column":0},"end":{"line":1,"column":30}},"1":{"start":{"line":2,"column":0},"end":{"line":2,"column":61}},"2":{"start":{"line":3,"column":0},"end":{"line":3,"column":58}},"3":{"start":{"line":4,"column":0},"end":{"line":4,"column":62}},"4":{"start":{"line":5,"column":0},"end":{"line":5,"column":50}},"5":{"start":{"line":6,"column":0},"end":{"line":6,"column":59}},"6":{"start":{"line":7,"column":0},"end":{"line":7,"column":59}},"7":{"start":{"line":8,"column":13},"end":{"line":8,"column":43}},"8":{"start":{"line":10,"column":0},"end":{"line":15,"column":2}},"9":{"start":{"line":17,"column":0},"end":{"line":22,"column":2}},"10":{"start":{"line":24,"column":0},"end":{"line":24,"column":26}}},"fnMap":{},"branchMap":{},"s":{"0":3,"1":3,"2":3,"3":3,"4":3,"5":3,"6":3,"7":3,"8":3,"9":3,"10":3},"f":{},"b":{}}
,"/home/minhyeok/node.js-6th/sprint-MIssion/6-sprint-mission/src/routers/notificationRouter.ts": {"path":"/home/minhyeok/node.js-6th/sprint-MIssion/6-sprint-mission/src/routers/notificationRouter.ts","statementMap":{"0":{"start":{"line":1,"column":0},"end":{"line":1,"column":30}},"1":{"start":{"line":2,"column":0},"end":{"line":2,"column":50}},"2":{"start":{"line":3,"column":0},"end":{"line":3,"column":null}},"3":{"start":{"line":7,"column":0},"end":{"line":7,"column":61}},"4":{"start":{"line":8,"column":0},"end":{"line":8,"column":78}},"5":{"start":{"line":9,"column":0},"end":{"line":9,"column":58}},"6":{"start":{"line":11,"column":27},"end":{"line":11,"column":43}},"7":{"start":{"line":13,"column":0},"end":{"line":13,"column":37}},"8":{"start":{"line":15,"column":0},"end":{"line":20,"column":4}},"9":{"start":{"line":22,"column":0},"end":{"line":25,"column":2}},"10":{"start":{"line":27,"column":0},"end":{"line":31,"column":2}},"11":{"start":{"line":33,"column":0},"end":{"line":33,"column":34}}},"fnMap":{},"branchMap":{},"s":{"0":3,"1":3,"2":3,"3":3,"4":3,"5":3,"6":3,"7":3,"8":3,"9":3,"10":3,"11":3},"f":{},"b":{}}
,"/home/minhyeok/node.js-6th/sprint-MIssion/6-sprint-mission/src/routers/productRouter.ts": {"path":"/home/minhyeok/node.js-6th/sprint-MIssion/6-sprint-mission/src/routers/productRouter.ts","statementMap":{"0":{"start":{"line":1,"column":0},"end":{"line":1,"column":30}},"1":{"start":{"line":2,"column":0},"end":{"line":2,"column":50}},"2":{"start":{"line":3,"column":0},"end":{"line":3,"column":null}},"3":{"start":{"line":9,"column":0},"end":{"line":9,"column":61}},"4":{"start":{"line":10,"column":0},"end":{"line":10,"column":68}},"5":{"start":{"line":11,"column":0},"end":{"line":11,"column":71}},"6":{"start":{"line":12,"column":0},"end":{"line":12,"column":58}},"7":{"start":{"line":13,"column":0},"end":{"line":13,"column":64}},"8":{"start":{"line":14,"column":0},"end":{"line":14,"column":53}},"9":{"start":{"line":18,"column":22},"end":{"line":18,"column":38}},"10":{"start":{"line":19,"column":27},"end":{"line":19,"column":55}},"11":{"start":{"line":21,"column":0},"end":{"line":29,"column":4}},"12":{"start":{"line":34,"column":0},"end":{"line":48,"column":4}},"13":{"start":{"line":50,"column":0},"end":{"line":62,"column":4}},"14":{"start":{"line":64,"column":0},"end":{"line":64,"column":29}}},"fnMap":{},"branchMap":{},"s":{"0":3,"1":3,"2":3,"3":3,"4":3,"5":3,"6":3,"7":3,"8":3,"9":3,"10":3,"11":3,"12":3,"13":3,"14":3},"f":{},"b":{}}
,"/home/minhyeok/node.js-6th/sprint-MIssion/6-sprint-mission/src/routers/userRouter.ts": {"path":"/home/minhyeok/node.js-6th/sprint-MIssion/6-sprint-mission/src/routers/userRouter.ts","statementMap":{"0":{"start":{"line":1,"column":0},"end":{"line":1,"column":30}},"1":{"start":{"line":2,"column":0},"end":{"line":2,"column":50}},"2":{"start":{"line":3,"column":0},"end":{"line":3,"column":53}},"3":{"start":{"line":4,"column":0},"end":{"line":4,"column":62}},"4":{"start":{"line":5,"column":0},"end":{"line":5,"column":61}},"5":{"start":{"line":7,"column":19},"end":{"line":7,"column":35}},"6":{"start":{"line":9,"column":0},"end":{"line":11,"column":82}},"7":{"start":{"line":13,"column":0},"end":{"line":13,"column":26}}},"fnMap":{},"branchMap":{},"s":{"0":3,"1":3,"2":3,"3":3,"4":3,"5":3,"6":3,"7":3},"f":{},"b":{}}
,"/home/minhyeok/node.js-6th/sprint-MIssion/6-sprint-mission/src/service/articleService.ts": {"path":"/home/minhyeok/node.js-6th/sprint-MIssion/6-sprint-mission/src/service/articleService.ts","statementMap":{"0":{"start":{"line":10,"column":0},"end":{"line":10,"column":44}},"1":{"start":{"line":13,"column":22},"end":{"line":13,"column":58}},"2":{"start":{"line":15,"column":52},"end":{"line":15,"column":57}},"3":{"start":{"line":17,"column":26},"end":{"line":20,"column":15}},"4":{"start":{"line":22,"column":56},"end":{"line":33,"column":6}},"5":{"start":{"line":34,"column":4},"end":{"line":34,"column":60}},"6":{"start":{"line":38,"column":31},"end":{"line":38,"column":35}},"7":{"start":{"line":39,"column":19},"end":{"line":39,"column":26}},"8":{"start":{"line":41,"column":4},"end":{"line":47,"column":5}},"9":{"start":{"line":42,"column":6},"end":{"line":46,"column":8}},"10":{"start":{"line":43,"column":36},"end":{"line":45,"column":10}},"11":{"start":{"line":48,"column":49},"end":{"line":55,"column":6}},"12":{"start":{"line":56,"column":4},"end":{"line":56,"column":53}},"13":{"start":{"line":60,"column":22},"end":{"line":60,"column":24}},"14":{"start":{"line":61,"column":29},"end":{"line":70,"column":15}},"15":{"start":{"line":72,"column":20},"end":{"line":72,"column":84}},"16":{"start":{"line":74,"column":4},"end":{"line":74,"column":68}},"17":{"start":{"line":78,"column":22},"end":{"line":78,"column":24}},"18":{"start":{"line":79,"column":31},"end":{"line":79,"column":35}},"19":{"start":{"line":80,"column":25},"end":{"line":86,"column":6}},"20":{"start":{"line":87,"column":28},"end":{"line":90,"column":6}},"21":{"start":{"line":92,"column":4},"end":{"line":94,"column":5}},"22":{"start":{"line":93,"column":6},"end":{"line":93,"column":53}},"23":{"start":{"line":96,"column":4},"end":{"line":96,"column":55}},"24":{"start":{"line":100,"column":22},"end":{"line":100,"column":24}},"25":{"start":{"line":101,"column":28},"end":{"line":104,"column":6}},"26":{"start":{"line":105,"column":4},"end":{"line":107,"column":5}},"27":{"start":{"line":106,"column":6},"end":{"line":106,"column":53}},"28":{"start":{"line":108,"column":4},"end":{"line":108,"column":71}},"29":{"start":{"line":112,"column":19},"end":{"line":112,"column":21}},"30":{"start":{"line":114,"column":4},"end":{"line":116,"column":5}},"31":{"start":{"line":115,"column":6},"end":{"line":115,"column":58}},"32":{"start":{"line":117,"column":27},"end":{"line":119,"column":6}},"33":{"start":{"line":121,"column":4},"end":{"line":121,"column":26}},"34":{"start":{"line":125,"column":19},"end":{"line":125,"column":21}},"35":{"start":{"line":126,"column":4},"end":{"line":128,"column":5}},"36":{"start":{"line":127,"column":6},"end":{"line":127,"column":60}},"37":{"start":{"line":129,"column":25},"end":{"line":131,"column":6}},"38":{"start":{"line":133,"column":4},"end":{"line":133,"column":24}},"39":{"start":{"line":12,"column":0},"end":{"line":12,"column":13}}},"fnMap":{"0":{"name":"(anonymous_0)","decl":{"start":{"line":13,"column":2},"end":{"line":13,"column":22}},"loc":{"start":{"line":13,"column":58},"end":{"line":13,"column":62}}},"1":{"name":"(anonymous_1)","decl":{"start":{"line":14,"column":2},"end":{"line":14,"column":7}},"loc":{"start":{"line":14,"column":47},"end":{"line":35,"column":3}}},"2":{"name":"(anonymous_2)","decl":{"start":{"line":37,"column":2},"end":{"line":37,"column":7}},"loc":{"start":{"line":37,"column":87},"end":{"line":57,"column":3}}},"3":{"name":"(anonymous_3)","decl":{"start":{"line":43,"column":25},"end":{"line":43,"column":26}},"loc":{"start":{"line":43,"column":36},"end":{"line":45,"column":10}}},"4":{"name":"(anonymous_4)","decl":{"start":{"line":59,"column":2},"end":{"line":59,"column":7}},"loc":{"start":{"line":59,"column":35},"end":{"line":75,"column":3}}},"5":{"name":"(anonymous_5)","decl":{"start":{"line":77,"column":2},"end":{"line":77,"column":7}},"loc":{"start":{"line":77,"column":67},"end":{"line":97,"column":3}}},"6":{"name":"(anonymous_6)","decl":{"start":{"line":99,"column":2},"end":{"line":99,"column":7}},"loc":{"start":{"line":99,"column":44},"end":{"line":109,"column":3}}},"7":{"name":"(anonymous_7)","decl":{"start":{"line":111,"column":2},"end":{"line":111,"column":7}},"loc":{"start":{"line":111,"column":48},"end":{"line":122,"column":3}}},"8":{"name":"(anonymous_8)","decl":{"start":{"line":124,"column":2},"end":{"line":124,"column":7}},"loc":{"start":{"line":124,"column":46},"end":{"line":134,"column":3}}}},"branchMap":{"0":{"loc":{"start":{"line":15,"column":12},"end":{"line":15,"column":20}},"type":"default-arg","locations":[{"start":{"line":15,"column":19},"end":{"line":15,"column":20}}]},"1":{"loc":{"start":{"line":15,"column":22},"end":{"line":15,"column":32}},"type":"default-arg","locations":[{"start":{"line":15,"column":30},"end":{"line":15,"column":32}}]},"2":{"loc":{"start":{"line":23,"column":13},"end":{"line":25,"column":19}},"type":"cond-expr","locations":[{"start":{"line":24,"column":10},"end":{"line":24,"column":86}},{"start":{"line":25,"column":10},"end":{"line":25,"column":19}}]},"3":{"loc":{"start":{"line":27,"column":8},"end":{"line":29,"column":35}},"type":"cond-expr","locations":[{"start":{"line":28,"column":12},"end":{"line":28,"column":32}},{"start":{"line":29,"column":12},"end":{"line":29,"column":35}}]},"4":{"loc":{"start":{"line":27,"column":8},"end":{"line":27,"column":59}},"type":"binary-expr","locations":[{"start":{"line":27,"column":8},"end":{"line":27,"column":13}},{"start":{"line":27,"column":18},"end":{"line":27,"column":36}},{"start":{"line":27,"column":40},"end":{"line":27,"column":58}}]},"5":{"loc":{"start":{"line":41,"column":4},"end":{"line":47,"column":5}},"type":"if","locations":[{"start":{"line":41,"column":4},"end":{"line":47,"column":5}},{"start":{},"end":{}}]},"6":{"loc":{"start":{"line":41,"column":8},"end":{"line":41,"column":46}},"type":"binary-expr","locations":[{"start":{"line":41,"column":8},"end":{"line":41,"column":27}},{"start":{"line":41,"column":31},"end":{"line":41,"column":46}}]},"7":{"loc":{"start":{"line":92,"column":4},"end":{"line":94,"column":5}},"type":"if","locations":[{"start":{"line":92,"column":4},"end":{"line":94,"column":5}},{"start":{},"end":{}}]},"8":{"loc":{"start":{"line":105,"column":4},"end":{"line":107,"column":5}},"type":"if","locations":[{"start":{"line":105,"column":4},"end":{"line":107,"column":5}},{"start":{},"end":{}}]},"9":{"loc":{"start":{"line":114,"column":4},"end":{"line":116,"column":5}},"type":"if","locations":[{"start":{"line":114,"column":4},"end":{"line":116,"column":5}},{"start":{},"end":{}}]},"10":{"loc":{"start":{"line":126,"column":4},"end":{"line":128,"column":5}},"type":"if","locations":[{"start":{"line":126,"column":4},"end":{"line":128,"column":5}},{"start":{},"end":{}}]}},"s":{"0":3,"1":3,"2":5,"3":5,"4":5,"5":5,"6":0,"7":0,"8":0,"9":0,"10":0,"11":0,"12":0,"13":2,"14":2,"15":2,"16":1,"17":0,"18":0,"19":0,"20":0,"21":0,"22":0,"23":0,"24":0,"25":0,"26":0,"27":0,"28":0,"29":0,"30":0,"31":0,"32":0,"33":0,"34":0,"35":0,"36":0,"37":0,"38":0,"39":3},"f":{"0":3,"1":5,"2":0,"3":0,"4":2,"5":0,"6":0,"7":0,"8":0},"b":{"0":[4],"1":[4],"2":[1,4],"3":[2,3],"4":[5,2,1],"5":[0,0],"6":[0,0],"7":[0,0],"8":[0,0],"9":[0,0],"10":[0,0]}}
,"/home/minhyeok/node.js-6th/sprint-MIssion/6-sprint-mission/src/service/authService.ts": {"path":"/home/minhyeok/node.js-6th/sprint-MIssion/6-sprint-mission/src/service/authService.ts","statementMap":{"0":{"start":{"line":2,"column":0},"end":{"line":2,"column":44}},"1":{"start":{"line":10,"column":0},"end":{"line":10,"column":28}},"2":{"start":{"line":11,"column":0},"end":{"line":11,"column":68}},"3":{"start":{"line":14,"column":22},"end":{"line":14,"column":52}},"4":{"start":{"line":17,"column":55},"end":{"line":17,"column":59}},"5":{"start":{"line":18,"column":17},"end":{"line":18,"column":41}},"6":{"start":{"line":19,"column":27},"end":{"line":19,"column":60}},"7":{"start":{"line":21,"column":4},"end":{"line":23,"column":5}},"8":{"start":{"line":22,"column":6},"end":{"line":22,"column":75}},"9":{"start":{"line":24,"column":46},"end":{"line":35,"column":6}},"10":{"start":{"line":36,"column":17},"end":{"line":36,"column":61}},"11":{"start":{"line":37,"column":52},"end":{"line":37,"column":56}},"12":{"start":{"line":38,"column":4},"end":{"line":38,"column":31}},"13":{"start":{"line":42,"column":32},"end":{"line":42,"column":36}},"14":{"start":{"line":43,"column":17},"end":{"line":43,"column":75}},"15":{"start":{"line":44,"column":4},"end":{"line":46,"column":5}},"16":{"start":{"line":45,"column":6},"end":{"line":45,"column":51}},"17":{"start":{"line":47,"column":28},"end":{"line":47,"column":73}},"18":{"start":{"line":48,"column":4},"end":{"line":50,"column":5}},"19":{"start":{"line":49,"column":6},"end":{"line":49,"column":58}},"20":{"start":{"line":52,"column":42},"end":{"line":52,"column":65}},"21":{"start":{"line":53,"column":4},"end":{"line":53,"column":47}},"22":{"start":{"line":57,"column":25},"end":{"line":57,"column":30}},"23":{"start":{"line":58,"column":4},"end":{"line":60,"column":5}},"24":{"start":{"line":59,"column":6},"end":{"line":59,"column":45}},"25":{"start":{"line":61,"column":23},"end":{"line":61,"column":55}},"26":{"start":{"line":62,"column":17},"end":{"line":62,"column":80}},"27":{"start":{"line":63,"column":4},"end":{"line":65,"column":5}},"28":{"start":{"line":64,"column":6},"end":{"line":64,"column":50}},"29":{"start":{"line":67,"column":59},"end":{"line":67,"column":82}},"30":{"start":{"line":68,"column":4},"end":{"line":68,"column":44}},"31":{"start":{"line":72,"column":19},"end":{"line":72,"column":21}},"32":{"start":{"line":73,"column":26},"end":{"line":87,"column":6}},"33":{"start":{"line":88,"column":21},"end":{"line":88,"column":72}},"34":{"start":{"line":89,"column":4},"end":{"line":91,"column":5}},"35":{"start":{"line":90,"column":6},"end":{"line":90,"column":51}},"36":{"start":{"line":92,"column":4},"end":{"line":94,"column":5}},"37":{"start":{"line":93,"column":6},"end":{"line":93,"column":54}},"38":{"start":{"line":96,"column":4},"end":{"line":96,"column":20}},"39":{"start":{"line":100,"column":4},"end":{"line":102,"column":5}},"40":{"start":{"line":101,"column":6},"end":{"line":101,"column":52}},"41":{"start":{"line":103,"column":45},"end":{"line":103,"column":49}},"42":{"start":{"line":104,"column":25},"end":{"line":122,"column":6}},"43":{"start":{"line":123,"column":4},"end":{"line":123,"column":52}},"44":{"start":{"line":127,"column":4},"end":{"line":129,"column":5}},"45":{"start":{"line":128,"column":6},"end":{"line":128,"column":52}},"46":{"start":{"line":130,"column":19},"end":{"line":130,"column":21}},"47":{"start":{"line":131,"column":38},"end":{"line":131,"column":42}},"48":{"start":{"line":132,"column":4},"end":{"line":134,"column":5}},"49":{"start":{"line":133,"column":6},"end":{"line":133,"column":48}},"50":{"start":{"line":135,"column":28},"end":{"line":135,"column":73}},"51":{"start":{"line":136,"column":4},"end":{"line":138,"column":5}},"52":{"start":{"line":137,"column":6},"end":{"line":137,"column":57}},"53":{"start":{"line":139,"column":17},"end":{"line":139,"column":41}},"54":{"start":{"line":140,"column":27},"end":{"line":140,"column":63}},"55":{"start":{"line":142,"column":33},"end":{"line":147,"column":6}},"56":{"start":{"line":149,"column":4},"end":{"line":149,"column":59}},"57":{"start":{"line":153,"column":19},"end":{"line":153,"column":21}},"58":{"start":{"line":154,"column":4},"end":{"line":156,"column":5}},"59":{"start":{"line":155,"column":6},"end":{"line":155,"column":50}},"60":{"start":{"line":157,"column":4},"end":{"line":157,"column":64}},"61":{"start":{"line":13,"column":0},"end":{"line":13,"column":13}}},"fnMap":{"0":{"name":"(anonymous_1)","decl":{"start":{"line":14,"column":2},"end":{"line":14,"column":22}},"loc":{"start":{"line":14,"column":52},"end":{"line":14,"column":56}}},"1":{"name":"(anonymous_2)","decl":{"start":{"line":16,"column":2},"end":{"line":16,"column":7}},"loc":{"start":{"line":16,"column":65},"end":{"line":39,"column":3}}},"2":{"name":"(anonymous_3)","decl":{"start":{"line":41,"column":2},"end":{"line":41,"column":7}},"loc":{"start":{"line":41,"column":33},"end":{"line":54,"column":3}}},"3":{"name":"(anonymous_4)","decl":{"start":{"line":56,"column":2},"end":{"line":56,"column":7}},"loc":{"start":{"line":56,"column":46},"end":{"line":69,"column":3}}},"4":{"name":"(anonymous_5)","decl":{"start":{"line":71,"column":2},"end":{"line":71,"column":7}},"loc":{"start":{"line":71,"column":39},"end":{"line":97,"column":3}}},"5":{"name":"(anonymous_6)","decl":{"start":{"line":99,"column":2},"end":{"line":99,"column":7}},"loc":{"start":{"line":99,"column":61},"end":{"line":124,"column":3}}},"6":{"name":"(anonymous_7)","decl":{"start":{"line":126,"column":2},"end":{"line":126,"column":7}},"loc":{"start":{"line":126,"column":70},"end":{"line":150,"column":3}}},"7":{"name":"(anonymous_8)","decl":{"start":{"line":152,"column":2},"end":{"line":152,"column":7}},"loc":{"start":{"line":152,"column":44},"end":{"line":158,"column":3}}}},"branchMap":{"0":{"loc":{"start":{"line":21,"column":4},"end":{"line":23,"column":5}},"type":"if","locations":[{"start":{"line":21,"column":4},"end":{"line":23,"column":5}},{"start":{},"end":{}}]},"1":{"loc":{"start":{"line":44,"column":4},"end":{"line":46,"column":5}},"type":"if","locations":[{"start":{"line":44,"column":4},"end":{"line":46,"column":5}},{"start":{},"end":{}}]},"2":{"loc":{"start":{"line":48,"column":4},"end":{"line":50,"column":5}},"type":"if","locations":[{"start":{"line":48,"column":4},"end":{"line":50,"column":5}},{"start":{},"end":{}}]},"3":{"loc":{"start":{"line":58,"column":4},"end":{"line":60,"column":5}},"type":"if","locations":[{"start":{"line":58,"column":4},"end":{"line":60,"column":5}},{"start":{},"end":{}}]},"4":{"loc":{"start":{"line":63,"column":4},"end":{"line":65,"column":5}},"type":"if","locations":[{"start":{"line":63,"column":4},"end":{"line":65,"column":5}},{"start":{},"end":{}}]},"5":{"loc":{"start":{"line":89,"column":4},"end":{"line":91,"column":5}},"type":"if","locations":[{"start":{"line":89,"column":4},"end":{"line":91,"column":5}},{"start":{},"end":{}}]},"6":{"loc":{"start":{"line":92,"column":4},"end":{"line":94,"column":5}},"type":"if","locations":[{"start":{"line":92,"column":4},"end":{"line":94,"column":5}},{"start":{},"end":{}}]},"7":{"loc":{"start":{"line":100,"column":4},"end":{"line":102,"column":5}},"type":"if","locations":[{"start":{"line":100,"column":4},"end":{"line":102,"column":5}},{"start":{},"end":{}}]},"8":{"loc":{"start":{"line":127,"column":4},"end":{"line":129,"column":5}},"type":"if","locations":[{"start":{"line":127,"column":4},"end":{"line":129,"column":5}},{"start":{},"end":{}}]},"9":{"loc":{"start":{"line":132,"column":4},"end":{"line":134,"column":5}},"type":"if","locations":[{"start":{"line":132,"column":4},"end":{"line":134,"column":5}},{"start":{},"end":{}}]},"10":{"loc":{"start":{"line":136,"column":4},"end":{"line":138,"column":5}},"type":"if","locations":[{"start":{"line":136,"column":4},"end":{"line":138,"column":5}},{"start":{},"end":{}}]},"11":{"loc":{"start":{"line":154,"column":4},"end":{"line":156,"column":5}},"type":"if","locations":[{"start":{"line":154,"column":4},"end":{"line":156,"column":5}},{"start":{},"end":{}}]}},"s":{"0":3,"1":3,"2":3,"3":3,"4":2,"5":2,"6":2,"7":2,"8":0,"9":2,"10":2,"11":1,"12":1,"13":3,"14":3,"15":3,"16":1,"17":2,"18":2,"19":1,"20":1,"21":1,"22":0,"23":0,"24":0,"25":0,"26":0,"27":0,"28":0,"29":0,"30":0,"31":0,"32":0,"33":0,"34":0,"35":0,"36":0,"37":0,"38":0,"39":0,"40":0,"41":0,"42":0,"43":0,"44":0,"45":0,"46":0,"47":0,"48":0,"49":0,"50":0,"51":0,"52":0,"53":0,"54":0,"55":0,"56":0,"57":0,"58":0,"59":0,"60":0,"61":3},"f":{"0":3,"1":2,"2":3,"3":0,"4":0,"5":0,"6":0,"7":0},"b":{"0":[0,2],"1":[1,2],"2":[1,1],"3":[0,0],"4":[0,0],"5":[0,0],"6":[0,0],"7":[0,0],"8":[0,0],"9":[0,0],"10":[0,0],"11":[0,0]}}
[...]
us_5)","decl":{"start":{"line":136,"column":2},"end":{"line":136,"column":7}},"loc":{"start":{"line":136,"column":35},"end":{"line":154,"column":3}}},"6":{"name":"(anonymous_6)","decl":{"start":{"line":156,"column":2},"end":{"line":156,"column":7}},"loc":{"start":{"line":156,"column":44},"end":{"line":168,"column":3}}},"7":{"name":"(anonymous_7)","decl":{"start":{"line":170,"column":2},"end":{"line":170,"column":7}},"loc":{"start":{"line":170,"column":48},"end":{"line":183,"column":3}}},"8":{"name":"(anonymous_8)","decl":{"start":{"line":185,"column":2},"end":{"line":185,"column":7}},"loc":{"start":{"line":185,"column":46},"end":{"line":195,"column":3}}}},"branchMap":{"0":{"loc":{"start":{"line":16,"column":12},"end":{"line":16,"column":20}},"type":"default-arg","locations":[{"start":{"line":16,"column":19},"end":{"line":16,"column":20}}]},"1":{"loc":{"start":{"line":16,"column":22},"end":{"line":16,"column":32}},"type":"default-arg","locations":[{"start":{"line":16,"column":30},"end":{"line":16,"column":32}}]},"2":{"loc":{"start":{"line":21,"column":18},"end":{"line":23,"column":10}},"type":"cond-expr","locations":[{"start":{"line":22,"column":8},"end":{"line":22,"column":94}},{"start":{"line":23,"column":8},"end":{"line":23,"column":10}}]},"3":{"loc":{"start":{"line":29,"column":8},"end":{"line":31,"column":35}},"type":"cond-expr","locations":[{"start":{"line":30,"column":12},"end":{"line":30,"column":32}},{"start":{"line":31,"column":12},"end":{"line":31,"column":35}}]},"4":{"loc":{"start":{"line":29,"column":8},"end":{"line":29,"column":59}},"type":"binary-expr","locations":[{"start":{"line":29,"column":8},"end":{"line":29,"column":13}},{"start":{"line":29,"column":18},"end":{"line":29,"column":36}},{"start":{"line":29,"column":40},"end":{"line":29,"column":58}}]},"5":{"loc":{"start":{"line":50,"column":4},"end":{"line":56,"column":5}},"type":"if","locations":[{"start":{"line":50,"column":4},"end":{"line":56,"column":5}},{"start":{},"end":{}}]},"6":{"loc":{"start":{"line":50,"column":8},"end":{"line":50,"column":48}},"type":"binary-expr","locations":[{"start":{"line":50,"column":8},"end":{"line":50,"column":28}},{"start":{"line":50,"column":32},"end":{"line":50,"column":48}}]},"7":{"loc":{"start":{"line":59,"column":4},"end":{"line":67,"column":5}},"type":"if","locations":[{"start":{"line":59,"column":4},"end":{"line":67,"column":5}},{"start":{},"end":{}}]},"8":{"loc":{"start":{"line":61,"column":6},"end":{"line":66,"column":7}},"type":"if","locations":[{"start":{"line":61,"column":6},"end":{"line":66,"column":7}},{"start":{"line":63,"column":13},"end":{"line":66,"column":7}}]},"9":{"loc":{"start":{"line":73,"column":21},"end":{"line":73,"column":68}},"type":"cond-expr","locations":[{"start":{"line":73,"column":34},"end":{"line":73,"column":56}},{"start":{"line":73,"column":59},"end":{"line":73,"column":68}}]},"10":{"loc":{"start":{"line":88,"column":4},"end":{"line":90,"column":5}},"type":"if","locations":[{"start":{"line":88,"column":4},"end":{"line":90,"column":5}},{"start":{},"end":{}}]},"11":{"loc":{"start":{"line":93,"column":4},"end":{"line":101,"column":5}},"type":"if","locations":[{"start":{"line":93,"column":4},"end":{"line":101,"column":5}},{"start":{},"end":{}}]},"12":{"loc":{"start":{"line":95,"column":6},"end":{"line":100,"column":7}},"type":"if","locations":[{"start":{"line":95,"column":6},"end":{"line":100,"column":7}},{"start":{"line":97,"column":13},"end":{"line":100,"column":7}}]},"13":{"loc":{"start":{"line":107,"column":21},"end":{"line":107,"column":84}},"type":"cond-expr","locations":[{"start":{"line":107,"column":34},"end":{"line":107,"column":72}},{"start":{"line":107,"column":75},"end":{"line":107,"column":84}}]},"14":{"loc":{"start":{"line":112,"column":4},"end":{"line":131,"column":5}},"type":"if","locations":[{"start":{"line":112,"column":4},"end":{"line":131,"column":5}},{"start":{},"end":{}}]},"15":{"loc":{"start":{"line":112,"column":8},"end":{"line":112,"column":68}},"type":"binary-expr","locations":[{"start":{"line":112,"column":8},"end":{"line":112,"column":25}},{"start":{"line":112,"column":29},"end":{"line":112,"column":68}}]},"16":{"loc":{"start":{"line":119,"column":8},"end":{"line":129,"column":9}},"type":"if","locations":[{"start":{"line":119,"column":8},"end":{"line":129,"column":9}},{"start":{},"end":{}}]},"17":{"loc":{"start":{"line":162,"column":4},"end":{"line":164,"column":5}},"type":"if","locations":[{"start":{"line":162,"column":4},"end":{"line":164,"column":5}},{"start":{},"end":{}}]},"18":{"loc":{"start":{"line":173,"column":4},"end":{"line":175,"column":5}},"type":"if","locations":[{"start":{"line":173,"column":4},"end":{"line":175,"column":5}},{"start":{},"end":{}}]},"19":{"loc":{"start":{"line":187,"column":4},"end":{"line":189,"column":5}},"type":"if","locations":[{"start":{"line":187,"column":4},"end":{"line":189,"column":5}},{"start":{},"end":{}}]}},"s":{"0":3,"1":3,"2":3,"3":3,"4":3,"5":5,"6":5,"7":5,"8":5,"9":5,"10":5,"11":0,"12":0,"13":0,"14":0,"15":0,"16":0,"17":0,"18":0,"19":0,"20":0,"21":0,"22":0,"23":0,"24":0,"25":0,"26":0,"27":0,"28":0,"29":0,"30":0,"31":0,"32":0,"33":0,"34":0,"35":0,"36":0,"37":0,"38":0,"39":0,"40":0,"41":0,"42":0,"43":0,"44":0,"45":2,"46":2,"47":2,"48":1,"49":0,"50":0,"51":0,"52":0,"53":0,"54":0,"55":0,"56":0,"57":0,"58":0,"59":0,"60":0,"61":0,"62":0,"63":0,"64":3},"f":{"0":3,"1":5,"2":0,"3":0,"4":0,"5":2,"6":0,"7":0,"8":0},"b":{"0":[4],"1":[4],"2":[1,4],"3":[2,3],"4":[5,2,1],"5":[0,0],"6":[0,0],"7":[0,0],"8":[0,0],"9":[0,0],"10":[0,0],"11":[0,0],"12":[0,0],"13":[0,0],"14":[0,0],"15":[0,0],"16":[0,0],"17":[0,0],"18":[0,0],"19":[0,0]}}
,"/home/minhyeok/node.js-6th/sprint-MIssion/6-sprint-mission/src/service/userService.ts": {"path":"/home/minhyeok/node.js-6th/sprint-MIssion/6-sprint-mission/src/service/userService.ts","statementMap":{"0":{"start":{"line":5,"column":22},"end":{"line":5,"column":52}},"1":{"start":{"line":8,"column":44},"end":{"line":8,"column":49}},"2":{"start":{"line":9,"column":26},"end":{"line":12,"column":15}},"3":{"start":{"line":13,"column":27},"end":{"line":27,"column":6}},"4":{"start":{"line":28,"column":17},"end":{"line":28,"column":67}},"5":{"start":{"line":29,"column":4},"end":{"line":29,"column":16}},"6":{"start":{"line":4,"column":0},"end":{"line":4,"column":13}}},"fnMap":{"0":{"name":"(anonymous_0)","decl":{"start":{"line":5,"column":2},"end":{"line":5,"column":22}},"loc":{"start":{"line":5,"column":52},"end":{"line":5,"column":56}}},"1":{"name":"(anonymous_1)","decl":{"start":{"line":7,"column":2},"end":{"line":7,"column":7}},"loc":{"start":{"line":7,"column":39},"end":{"line":30,"column":3}}}},"branchMap":{"0":{"loc":{"start":{"line":8,"column":12},"end":{"line":8,"column":20}},"type":"default-arg","locations":[{"start":{"line":8,"column":19},"end":{"line":8,"column":20}}]},"1":{"loc":{"start":{"line":8,"column":22},"end":{"line":8,"column":32}},"type":"default-arg","locations":[{"start":{"line":8,"column":30},"end":{"line":8,"column":32}}]},"2":{"loc":{"start":{"line":17,"column":8},"end":{"line":19,"column":35}},"type":"cond-expr","locations":[{"start":{"line":18,"column":12},"end":{"line":18,"column":32}},{"start":{"line":19,"column":12},"end":{"line":19,"column":35}}]},"3":{"loc":{"start":{"line":17,"column":8},"end":{"line":17,"column":59}},"type":"binary-expr","locations":[{"start":{"line":17,"column":8},"end":{"line":17,"column":13}},{"start":{"line":17,"column":18},"end":{"line":17,"column":36}},{"start":{"line":17,"column":40},"end":{"line":17,"column":58}}]}},"s":{"0":3,"1":0,"2":0,"3":0,"4":0,"5":0,"6":3},"f":{"0":3,"1":0},"b":{"0":[0],"1":[0],"2":[0,0],"3":[0,0,0]}}
,"/home/minhyeok/node.js-6th/sprint-MIssion/6-sprint-mission/src/structs/articleStruct.ts": {"path":"/home/minhyeok/node.js-6th/sprint-MIssion/6-sprint-mission/src/structs/articleStruct.ts","statementMap":{"0":{"start":{"line":1,"column":0},"end":{"line":1,"column":33}},"1":{"start":{"line":3,"column":0},"end":{"line":3,"column":74}},"2":{"start":{"line":4,"column":0},"end":{"line":4,"column":50}},"3":{"start":{"line":5,"column":13},"end":{"line":8,"column":3}},"4":{"start":{"line":11,"column":13},"end":{"line":11,"column":53}},"5":{"start":{"line":14,"column":13},"end":{"line":16,"column":3}},"6":{"start":{"line":19,"column":13},"end":{"line":19,"column":93}}},"fnMap":{},"branchMap":{},"s":{"0":3,"1":3,"2":3,"3":3,"4":3,"5":3,"6":3},"f":{},"b":{}}
,"/home/minhyeok/node.js-6th/sprint-MIssion/6-sprint-mission/src/structs/commentStruct.ts": {"path":"/home/minhyeok/node.js-6th/sprint-MIssion/6-sprint-mission/src/structs/commentStruct.ts","statementMap":{"0":{"start":{"line":1,"column":0},"end":{"line":1,"column":33}},"1":{"start":{"line":3,"column":0},"end":{"line":3,"column":50}},"2":{"start":{"line":4,"column":13},"end":{"line":6,"column":3}},"3":{"start":{"line":9,"column":13},"end":{"line":11,"column":3}},"4":{"start":{"line":14,"column":13},"end":{"line":16,"column":3}},"5":{"start":{"line":19,"column":13},"end":{"line":21,"column":3}},"6":{"start":{"line":24,"column":13},"end":{"line":27,"column":3}},"7":{"start":{"line":25,"column":73},"end":{"line":25,"column":90}},"8":{"start":{"line":26,"column":66},"end":{"line":26,"column":83}}},"fnMap":{"0":{"name":"(anonymous_9)","decl":{"start":{"line":25,"column":64},"end":{"line":25,"column":65}},"loc":{"start":{"line":25,"column":73},"end":{"line":25,"column":90}}},"1":{"name":"(anonymous_10)","decl":{"start":{"line":26,"column":57},"end":{"line":26,"column":58}},"loc":{"start":{"line":26,"column":66},"end":{"line":26,"column":83}}}},"branchMap":{},"s":{"0":3,"1":3,"2":3,"3":3,"4":3,"5":3,"6":3,"7":0,"8":0},"f":{"0":0,"1":0},"b":{}}
,"/home/minhyeok/node.js-6th/sprint-MIssion/6-sprint-mission/src/structs/commonStruct.ts": {"path":"/home/minhyeok/node.js-6th/sprint-MIssion/6-sprint-mission/src/structs/commonStruct.ts","statementMap":{"0":{"start":{"line":1,"column":0},"end":{"line":1,"column":33}},"1":{"start":{"line":5,"column":13},"end":{"line":8,"column":3}},"2":{"start":{"line":6,"column":72},"end":{"line":6,"column":89}},"3":{"start":{"line":7,"column":73},"end":{"line":7,"column":90}},"4":{"start":{"line":12,"column":13},"end":{"line":14,"column":3}},"5":{"start":{"line":18,"column":13},"end":{"line":20,"column":3}},"6":{"start":{"line":23,"column":13},"end":{"line":25,"column":2}},"7":{"start":{"line":24,"column":2},"end":{"line":24,"column":21}}},"fnMap":{"0":{"name":"(anonymous_9)","decl":{"start":{"line":6,"column":63},"end":{"line":6,"column":64}},"loc":{"start":{"line":6,"column":72},"end":{"line":6,"column":89}}},"1":{"name":"(anonymous_10)","decl":{"start":{"line":7,"column":64},"end":{"line":7,"column":65}},"loc":{"start":{"line":7,"column":73},"end":{"line":7,"column":90}}},"2":{"name":"(anonymous_11)","decl":{"start":{"line":23,"column":65},"end":{"line":23,"column":66}},"loc":{"start":{"line":24,"column":2},"end":{"line":24,"column":21}}}},"branchMap":{},"s":{"0":3,"1":3,"2":2,"3":2,"4":3,"5":3,"6":3,"7":4},"f":{"0":2,"1":2,"2":4},"b":{}}
,"/home/minhyeok/node.js-6th/sprint-MIssion/6-sprint-mission/src/structs/notificationStruct.ts": {"path":"/home/minhyeok/node.js-6th/sprint-MIssion/6-sprint-mission/src/structs/notificationStruct.ts","statementMap":{"0":{"start":{"line":1,"column":0},"end":{"line":1,"column":33}},"1":{"start":{"line":3,"column":0},"end":{"line":3,"column":67}},"2":{"start":{"line":5,"column":13},"end":{"line":5,"column":71}},"3":{"start":{"line":8,"column":13},"end":{"line":10,"column":3}}},"fnMap":{},"branchMap":{},"s":{"0":3,"1":3,"2":3,"3":3},"f":{},"b":{}}
,"/home/minhyeok/node.js-6th/sprint-MIssion/6-sprint-mission/src/structs/productStruct.ts": {"path":"/home/minhyeok/node.js-6th/sprint-MIssion/6-sprint-mission/src/structs/productStruct.ts","statementMap":{"0":{"start":{"line":1,"column":0},"end":{"line":1,"column":33}},"1":{"start":{"line":3,"column":0},"end":{"line":3,"column":74}},"2":{"start":{"line":4,"column":0},"end":{"line":4,"column":50}},"3":{"start":{"line":5,"column":13},"end":{"line":5,"column":63}},"4":{"start":{"line":7,"column":13},"end":{"line":13,"column":3}},"5":{"start":{"line":16,"column":13},"end":{"line":16,"column":53}},"6":{"start":{"line":19,"column":13},"end":{"line":21,"column":3}},"7":{"start":{"line":24,"column":13},"end":{"line":24,"column":93}}},"fnMap":{},"branchMap":{},"s":{"0":3,"1":3,"2":3,"3":3,"4":3,"5":3,"6":3,"7":3},"f":{},"b":{}}
,"/home/minhyeok/node.js-6th/sprint-MIssion/6-sprint-mission/src/structs/userStruct.ts": {"path":"/home/minhyeok/node.js-6th/sprint-MIssion/6-sprint-mission/src/structs/userStruct.ts","statementMap":{"0":{"start":{"line":1,"column":0},"end":{"line":1,"column":33}},"1":{"start":{"line":2,"column":0},"end":{"line":2,"column":31}},"2":{"start":{"line":4,"column":0},"end":{"line":4,"column":61}},"3":{"start":{"line":5,"column":0},"end":{"line":5,"column":50}},"4":{"start":{"line":6,"column":23},"end":{"line":8,"column":1}},"5":{"start":{"line":7,"column":2},"end":{"line":7,"column":53}},"6":{"start":{"line":9,"column":13},"end":{"line":15,"column":3}},"7":{"start":{"line":18,"column":13},"end":{"line":18,"column":69}},"8":{"start":{"line":21,"column":13},"end":{"line":24,"column":3}},"9":{"start":{"line":27,"column":13},"end":{"line":30,"column":3}},"10":{"start":{"line":33,"column":13},"end":{"line":35,"column":3}},"11":{"start":{"line":38,"column":13},"end":{"line":38,"column":66}}},"fnMap":{"0":{"name":"(anonymous_10)","decl":{"start":{"line":6,"column":23},"end":{"line":6,"column":24}},"loc":{"start":{"line":6,"column":59},"end":{"line":8,"column":1}}}},"branchMap":{"0":{"loc":{"start":{"line":7,"column":9},"end":{"line":7,"column":52}},"type":"binary-expr","locations":[{"start":{"line":7,"column":9},"end":{"line":7,"column":34}},{"start":{"line":7,"column":38},"end":{"line":7,"column":52}}]}},"s":{"0":3,"1":3,"2":3,"3":3,"4":3,"5":7,"6":3,"7":3,"8":3,"9":3,"10":3,"11":3},"f":{"0":7},"b":{"0":[7,7]}}
,"/home/minhyeok/node.js-6th/sprint-MIssion/6-sprint-mission/src/utils/constants.ts": {"path":"/home/minhyeok/node.js-6th/sprint-MIssion/6-sprint-mission/src/utils/constants.ts","statementMap":{"0":{"start":{"line":1,"column":0},"end":{"line":1,"column":33}},"1":{"start":{"line":2,"column":0},"end":{"line":2,"column":16}},"2":{"start":{"line":4,"column":17},"end":{"line":4,"column":54}},"3":{"start":{"line":14,"column":2},"end":{"line":14,"column":10}},"4":{"start":{"line":5,"column":13},"end":{"line":5,"column":29}},"5":{"start":{"line":15,"column":2},"end":{"line":15,"column":6}},"6":{"start":{"line":7,"column":2},"end":{"line":7,"column":80}},"7":{"start":{"line":16,"column":2},"end":{"line":16,"column":25}},"8":{"start":{"line":9,"column":2},"end":{"line":9,"column":82}},"9":{"start":{"line":17,"column":2},"end":{"line":17,"column":26}},"10":{"start":{"line":10,"column":33},"end":{"line":10,"column":47}},"11":{"start":{"line":18,"column":2},"end":{"line":18,"column":26}},"12":{"start":{"line":11,"column":34},"end":{"line":11,"column":49}},"13":{"start":{"line":19,"column":2},"end":{"line":19,"column":27}}},"fnMap":{},"branchMap":{"0":{"loc":{"start":{"line":4,"column":17},"end":{"line":4,"column":54}},"type":"binary-expr","locations":[{"start":{"line":4,"column":17},"end":{"line":4,"column":37}},{"start":{"line":4,"column":41},"end":{"line":4,"column":54}}]},"1":{"loc":{"start":{"line":7,"column":2},"end":{"line":7,"column":80}},"type":"binary-expr","locations":[{"start":{"line":7,"column":2},"end":{"line":7,"column":37}},{"start":{"line":7,"column":41},"end":{"line":7,"column":80}}]},"2":{"loc":{"start":{"line":9,"column":2},"end":{"line":9,"column":82}},"type":"binary-expr","locations":[{"start":{"line":9,"column":2},"end":{"line":9,"column":38}},{"start":{"line":9,"column":42},"end":{"line":9,"column":82}}]}},"s":{"0":3,"1":3,"2":3,"3":3,"4":3,"5":3,"6":3,"7":3,"8":3,"9":3,"10":3,"11":3,"12":3,"13":3},"f":{},"b":{"0":[3,0],"1":[3,0],"2":[3,0]}}
,"/home/minhyeok/node.js-6th/sprint-MIssion/6-sprint-mission/src/utils/cookies.ts": {"path":"/home/minhyeok/node.js-6th/sprint-MIssion/6-sprint-mission/src/utils/cookies.ts","statementMap":{"0":{"start":{"line":1,"column":0},"end":{"line":1,"column":92}},"1":{"start":{"line":4,"column":31},"end":{"line":18,"column":1}},"2":{"start":{"line":5,"column":2},"end":{"line":10,"column":5}},"3":{"start":{"line":11,"column":2},"end":{"line":17,"column":5}},"4":{"start":{"line":4,"column":13},"end":{"line":4,"column":31}},"5":{"start":{"line":20,"column":33},"end":{"line":23,"column":1}},"6":{"start":{"line":21,"column":2},"end":{"line":21,"column":44}},"7":{"start":{"line":22,"column":2},"end":{"line":22,"column":45}},"8":{"start":{"line":20,"column":13},"end":{"line":20,"column":33}}},"fnMap":{"0":{"name":"(anonymous_0)","decl":{"start":{"line":4,"column":31},"end":{"line":4,"column":32}},"loc":{"start":{"line":4,"column":92},"end":{"line":18,"column":1}}},"1":{"name":"(anonymous_1)","decl":{"start":{"line":20,"column":33},"end":{"line":20,"column":34}},"loc":{"start":{"line":20,"column":57},"end":{"line":23,"column":1}}}},"branchMap":{},"s":{"0":3,"1":3,"2":1,"3":1,"4":3,"5":3,"6":0,"7":0,"8":3},"f":{"0":1,"1":0},"b":{}}
,"/home/minhyeok/node.js-6th/sprint-MIssion/6-sprint-mission/src/utils/errors.ts": {"path":"/home/minhyeok/node.js-6th/sprint-MIssion/6-sprint-mission/src/utils/errors.ts","statementMap":{"0":{"start":{"line":5,"column":4},"end":{"line":5,"column":19}},"1":{"start":{"line":6,"column":4},"end":{"line":6,"column":25}},"2":{"start":{"line":1,"column":0},"end":{"line":1,"column":13}}},"fnMap":{"0":{"name":"(anonymous_0)","decl":{"start":{"line":4,"column":2},"end":{"line":4,"column":14}},"loc":{"start":{"line":4,"column":45},"end":{"line":7,"column":3}}}},"branchMap":{},"s":{"0":2,"1":2,"2":3},"f":{"0":2},"b":{}}
,"/home/minhyeok/node.js-6th/sprint-MIssion/6-sprint-mission/src/utils/prismaClient.ts": {"path":"/home/minhyeok/node.js-6th/sprint-MIssion/6-sprint-mission/src/utils/prismaClient.ts","statementMap":{"0":{"start":{"line":1,"column":0},"end":{"line":1,"column":46}},"1":{"start":{"line":3,"column":13},"end":{"line":3,"column":41}}},"fnMap":{},"branchMap":{},"s":{"0":3,"1":3},"f":{},"b":{}}
,"/home/minhyeok/node.js-6th/sprint-MIssion/6-sprint-mission/src/utils/token.ts": {"path":"/home/minhyeok/node.js-6th/sprint-MIssion/6-sprint-mission/src/utils/token.ts","statementMap":{"0":{"start":{"line":1,"column":0},"end":{"line":1,"column":60}},"1":{"start":{"line":2,"column":0},"end":{"line":2,"column":80}},"2":{"start":{"line":7,"column":30},"end":{"line":17,"column":1}},"3":{"start":{"line":8,"column":22},"end":{"line":11,"column":19}},"4":{"start":{"line":12,"column":23},"end":{"line":15,"column":19}},"5":{"start":{"line":16,"column":2},"end":{"line":16,"column":39}},"6":{"start":{"line":7,"column":13},"end":{"line":7,"column":30}},"7":{"start":{"line":19,"column":33},"end":{"line":22,"column":1}},"8":{"start":{"line":20,"column":18},"end":{"line":20,"column":80}},"9":{"start":{"line":21,"column":2},"end":{"line":21,"column":32}},"10":{"start":{"line":19,"column":13},"end":{"line":19,"column":33}},"11":{"start":{"line":24,"column":34},"end":{"line":27,"column":1}},"12":{"start":{"line":25,"column":18},"end":{"line":25,"column":81}},"13":{"start":{"line":26,"column":2},"end":{"line":26,"column":32}},"14":{"start":{"line":24,"column":13},"end":{"line":24,"column":34}}},"fnMap":{"0":{"name":"(anonymous_1)","decl":{"start":{"line":7,"column":30},"end":{"line":7,"column":31}},"loc":{"start":{"line":7,"column":96},"end":{"line":17,"column":1}}},"1":{"name":"(anonymous_2)","decl":{"start":{"line":19,"column":33},"end":{"line":19,"column":34}},"loc":{"start":{"line":19,"column":51},"end":{"line":22,"column":1}}},"2":{"name":"(anonymous_3)","decl":{"start":{"line":24,"column":34},"end":{"line":24,"column":35}},"loc":{"start":{"line":24,"column":52},"end":{"line":27,"column":1}}}},"branchMap":{},"s":{"0":3,"1":3,"2":3,"3":1,"4":1,"5":1,"6":3,"7":3,"8":0,"9":0,"10":3,"11":3,"12":0,"13":0,"14":3},"f":{"0":1,"1":0,"2":0},"b":{}}
}
