TN:
SF:src/app.ts
FNF:0
FNH:0
DA:1,3
DA:2,3
DA:3,3
DA:4,3
DA:5,3
DA:6,3
DA:7,3
DA:8,3
DA:10,3
DA:11,3
DA:12,3
DA:13,3
DA:14,3
DA:15,3
DA:16,3
DA:18,3
DA:19,3
DA:22,3
DA:25,3
DA:28,3
DA:31,3
DA:34,3
DA:40,3
DA:43,3
DA:46,3
DA:49,3
DA:51,3
LF:27
LH:27
BRF:0
BRH:0
end_of_record
TN:
SF:src/socket.ts
FN:8,(anonymous_0)
FN:15,(anonymous_1)
FN:30,(anonymous_2)
FN:35,(anonymous_3)
FNF:4
FNH:0
FNDA:0,(anonymous_0)
FNDA:0,(anonymous_1)
FNDA:0,(anonymous_2)
FNDA:0,(anonymous_3)
DA:1,3
DA:3,3
DA:6,3
DA:8,3
DA:9,0
DA:15,0
DA:16,0
DA:17,0
DA:18,0
DA:21,0
DA:22,0
DA:23,0
DA:24,0
DA:26,0
DA:30,0
DA:31,0
DA:35,3
DA:36,0
DA:37,0
DA:39,0
LF:20
LH:5
BRDA:17,0,0,0
BRDA:17,0,1,0
BRDA:36,1,0,0
BRDA:36,1,1,0
BRF:4
BRH:0
end_of_record
TN:
SF:src/controller/articleController.ts
FN:19,(anonymous_0)
FN:26,(anonymous_1)
FN:35,(anonymous_2)
FN:41,(anonymous_3)
FN:49,(anonymous_4)
FN:57,(anonymous_5)
FN:64,(anonymous_6)
FNF:7
FNH:2
FNDA:5,(anonymous_0)
FNDA:0,(anonymous_1)
FNDA:2,(anonymous_2)
FNDA:0,(anonymous_3)
FNDA:0,(anonymous_4)
FNDA:0,(anonymous_5)
FNDA:0,(anonymous_6)
DA:7,3
DA:8,3
DA:14,3
DA:15,3
DA:17,3
DA:19,3
DA:20,5
DA:21,5
DA:22,5
DA:26,3
DA:27,0
DA:28,0
DA:29,0
DA:30,0
DA:31,0
DA:35,3
DA:36,2
DA:37,2
DA:38,1
DA:41,3
DA:42,0
DA:43,0
DA:44,0
DA:45,0
DA:46,0
DA:49,3
DA:50,0
DA:51,0
DA:52,0
DA:53,0
DA:57,3
DA:58,0
DA:59,0
DA:60,0
DA:61,0
DA:64,3
DA:65,0
DA:66,0
DA:67,0
DA:68,0
LF:40
LH:18
BRF:0
BRH:0
end_of_record
TN:
SF:src/controller/authController.ts
FN:21,(anonymous_0)
FN:30,(anonymous_1)
FN:38,(anonymous_2)
FN:46,(anonymous_3)
FN:52,(anonymous_4)
FN:60,(anonymous_5)
FN:69,(anonymous_6)
FN:79,(anonymous_7)
FNF:8
FNH:2
FNDA:2,(anonymous_0)
FNDA:3,(anonymous_1)
FNDA:0,(anonymous_2)
FNDA:0,(anonymous_3)
FNDA:0,(anonymous_4)
FNDA:0,(anonymous_5)
FNDA:0,(anonymous_6)
FNDA:0,(anonymous_7)
DA:1,3
DA:2,3
DA:12,3
DA:13,3
DA:16,3
DA:17,3
DA:19,3
DA:21,3
DA:22,2
DA:23,2
DA:24,2
DA:26,1
DA:30,3
DA:31,3
DA:32,3
DA:33,1
DA:34,1
DA:38,3
DA:39,0
DA:40,0
DA:41,0
DA:42,0
DA:46,3
DA:47,0
DA:48,0
DA:52,3
DA:53,0
DA:54,0
DA:55,0
DA:56,0
DA:60,3
DA:61,0
DA:62,0
DA:63,0
DA:64,0
DA:65,0
DA:69,3
DA:70,0
DA:71,0
DA:72,0
DA:73,0
DA:75,0
DA:79,3
DA:80,0
DA:81,0
DA:82,0
DA:83,0
LF:47
LH:23
BRF:0
BRH:0
end_of_record
TN:
SF:src/controller/commentController.ts
FN:20,(anonymous_0)
FN:28,(anonymous_1)
FN:36,(anonymous_2)
FN:44,(anonymous_3)
FN:52,(anonymous_4)
FN:58,(anonymous_5)
FN:64,(anonymous_6)
FN:71,(anonymous_7)
FNF:8
FNH:0
FNDA:0,(anonymous_0)
FNDA:0,(anonymous_1)
FNDA:0,(anonymous_2)
FNDA:0,(anonymous_3)
FNDA:0,(anonymous_4)
FNDA:0,(anonymous_5)
FNDA:0,(anonymous_6)
FNDA:0,(anonymous_7)
DA:11,3
DA:12,3
DA:16,3
DA:17,3
DA:19,3
DA:20,3
DA:21,0
DA:22,0
DA:23,0
DA:24,0
DA:25,0
DA:28,3
DA:29,0
DA:30,0
DA:31,0
DA:32,0
DA:33,0
DA:36,3
DA:37,0
DA:38,0
DA:39,0
DA:40,0
DA:41,0
DA:44,3
DA:45,0
DA:46,0
DA:47,0
DA:48,0
DA:49,0
DA:52,3
DA:53,0
DA:54,0
DA:55,0
DA:58,3
DA:59,0
DA:60,0
DA:61,0
DA:64,3
DA:65,0
DA:66,0
DA:67,0
DA:68,0
DA:71,3
DA:72,0
DA:73,0
DA:74,0
DA:75,0
LF:47
LH:13
BRF:0
BRH:0
end_of_record
TN:
SF:src/controller/likeController.ts
FN:12,(anonymous_0)
FN:21,(anonymous_1)
FNF:2
FNH:0
FNDA:0,(anonymous_0)
FNDA:0,(anonymous_1)
DA:3,3
DA:4,3
DA:8,3
DA:9,3
DA:11,3
DA:12,3
DA:13,0
DA:14,0
DA:15,0
DA:16,0
DA:17,0
DA:18,0
DA:21,3
DA:22,0
DA:23,0
DA:24,0
DA:25,0
DA:26,0
DA:27,0
LF:19
LH:7
BRDA:16,0,0,0
BRDA:16,0,1,0
BRDA:25,1,0,0
BRDA:25,1,1,0
BRF:4
BRH:0
end_of_record
TN:
SF:src/controller/notificationController.ts
FN:16,(anonymous_0)
FN:24,(anonymous_1)
FN:31,(anonymous_2)
FNF:3
FNH:0
FNDA:0,(anonymous_0)
FNDA:0,(anonymous_1)
FNDA:0,(anonymous_2)
DA:3,3
DA:4,3
DA:11,3
DA:12,3
DA:14,3
DA:16,3
DA:17,0
DA:18,0
DA:19,0
DA:20,0
DA:24,3
DA:25,0
DA:26,0
DA:27,0
DA:31,3
DA:32,0
DA:33,0
DA:34,0
DA:35,0
LF:19
LH:8
BRF:0
BRH:0
end_of_record
TN:
SF:src/controller/productController.ts
FN:18,(anonymous_0)
FN:25,(anonymous_1)
FN:34,(anonymous_2)
FN:41,(anonymous_3)
FN:50,(anonymous_4)
FN:58,(anonymous_5)
FN:66,(anonymous_6)
FNF:7
FNH:2
FNDA:5,(anonymous_0)
FNDA:0,(anonymous_1)
FNDA:2,(anonymous_2)
FNDA:0,(anonymous_3)
FNDA:0,(anonymous_4)
FNDA:0,(anonymous_5)
FNDA:0,(anonymous_6)
DA:9,3
DA:10,3
DA:13,3
DA:14,3
DA:16,3
DA:18,3
DA:19,5
DA:20,5
DA:21,5
DA:25,3
DA:26,0
DA:27,0
DA:28,0
DA:29,0
DA:30,0
DA:34,3
DA:35,2
DA:36,2
DA:37,1
DA:41,3
DA:42,0
DA:43,0
DA:44,0
DA:45,0
DA:46,0
DA:50,3
DA:51,0
DA:52,0
DA:53,0
DA:54,0
DA:58,3
DA:59,0
DA:60,0
DA:61,0
DA:62,0
DA:66,3
DA:67,0
DA:68,0
DA:69,0
DA:70,0
LF:40
LH:18
BRF:0
BRH:0
end_of_record
TN:
SF:src/controller/userController.ts
FN:10,(anonymous_0)
FNF:1
FNH:0
FNDA:0,(anonymous_0)
DA:3,3
DA:4,3
DA:6,3
DA:7,3
DA:9,3
DA:10,3
DA:11,0
DA:12,0
DA:13,0
LF:9
LH:6
BRF:0
BRH:0
end_of_record
TN:
SF:src/middleware/authenticate.ts
FN:5,(anonymous_0)
FNF:1
FNH:0
FNDA:0,(anonymous_0)
DA:1,3
DA:2,3
DA:3,3
DA:5,3
DA:6,0
DA:7,0
DA:8,0
DA:9,0
DA:11,0
DA:12,0
DA:13,0
DA:14,0
DA:16,0
DA:17,0
DA:19,0
LF:15
LH:4
BRDA:8,0,0,0
BRDA:8,0,1,0
BRDA:13,1,0,0
BRDA:13,1,1,0
BRF:4
BRH:0
end_of_record
TN:
SF:src/middleware/errorhandler.ts
FN:7,tryCatchHandler
FN:9,(anonymous_2)
FN:21,errorHandler
FNF:3
FNH:3
FNDA:108,tryCatchHandler
FNDA:19,(anonymous_2)
FNDA:5,errorHandler
DA:1,3
DA:2,3
DA:4,3
DA:7,3
DA:9,108
DA:10,19
DA:11,19
DA:13,5
DA:14,2
DA:16,3
DA:21,3
DA:22,5
DA:25,0
DA:29,5
DA:30,2
DA:31,3
DA:32,2
DA:33,2
DA:34,1
DA:35,1
DA:37,0
DA:38,0
LF:22
LH:19
BRDA:13,0,0,2
BRDA:13,0,1,3
BRDA:22,1,0,0
BRDA:22,1,1,5
BRDA:29,2,0,2
BRDA:29,2,1,3
BRDA:29,3,0,5
BRDA:29,3,1,3
BRDA:31,4,0,2
BRDA:31,4,1,1
BRDA:34,5,0,1
BRDA:34,5,1,0
BRDA:34,6,0,1
BRDA:34,6,1,1
BRF:14
BRH:12
end_of_record
TN:
SF:src/middleware/formdataParser.ts
FN:7,UploadImage
FN:19,(anonymous_2)
FN:22,(anonymous_3)
FN:30,fileFilter
FNF:4
FNH:1
FNDA:9,UploadImage
FNDA:0,(anonymous_2)
FNDA:0,(anonymous_3)
FNDA:0,fileFilter
DA:1,3
DA:2,3
DA:3,3
DA:4,3
DA:7,3
DA:9,9
DA:13,9
DA:14,0
DA:18,9
DA:20,0
DA:23,0
DA:24,0
DA:25,0
DA:31,0
DA:32,0
DA:34,0
DA:39,9
DA:46,3
LF:18
LH:10
BRDA:13,0,0,0
BRDA:13,0,1,9
BRDA:31,1,0,0
BRDA:31,1,1,0
BRF:4
BRH:1
end_of_record
TN:
SF:src/middleware/productValidate.ts
FN:4,productValidate
FN:5,(anonymous_1)
FNF:2
FNH:1
FNDA:6,productValidate
FNDA:0,(anonymous_1)
DA:1,3
DA:4,3
DA:5,6
DA:6,0
DA:7,0
DA:8,0
DA:9,0
DA:11,0
DA:12,0
DA:15,0
DA:16,0
DA:18,0
LF:12
LH:3
BRDA:8,0,0,0
BRDA:8,0,1,0
BRDA:11,1,0,0
BRDA:11,1,1,0
BRF:4
BRH:0
end_of_record
TN:
SF:src/middleware/validate.ts
FN:8,validate
FN:9,(anonymous_1)
FNF:2
FNH:2
FNDA:117,validate
FNDA:21,(anonymous_1)
DA:1,3
DA:8,3
DA:9,117
DA:10,21
DA:11,21
DA:12,19
DA:13,4
DA:15,15
DA:17,19
DA:19,2
LF:10
LH:10
BRDA:8,0,0,30
BRDA:12,1,0,4
BRDA:12,1,1,15
BRF:3
BRH:3
end_of_record
TN:
SF:src/repository/articleRepository.ts
FN:5,(anonymous_0)
FN:8,(anonymous_1)
FN:11,(anonymous_2)
FN:16,(anonymous_3)
FN:19,(anonymous_4)
FNF:5
FNH:2
FNDA:5,(anonymous_0)
FNDA:0,(anonymous_1)
FNDA:2,(anonymous_2)
FNDA:0,(anonymous_3)
FNDA:0,(anonymous_4)
DA:1,3
DA:4,3
DA:6,5
DA:9,0
DA:14,2
DA:17,0
DA:20,0
LF:7
LH:4
BRF:0
BRH:0
end_of_record
TN:
SF:src/repository/authRepository.ts
FN:5,(anonymous_0)
FN:8,(anonymous_1)
FN:11,(anonymous_2)
FN:14,(anonymous_3)
FNF:4
FNH:2
FNDA:2,(anonymous_0)
FNDA:3,(anonymous_1)
FNDA:0,(anonymous_2)
FNDA:0,(anonymous_3)
DA:1,3
DA:4,3
DA:6,2
DA:9,3
DA:12,0
DA:15,0
LF:6
LH:4
BRF:0
BRH:0
end_of_record
TN:
SF:src/repository/commentRepository.ts
FN:6,(anonymous_0)
FN:9,(anonymous_1)
FN:12,(anonymous_2)
FN:15,(anonymous_3)
FN:18,(anonymous_4)
FN:23,(anonymous_5)
FN:26,(anonymous_6)
FN:29,(anonymous_7)
FN:32,(anonymous_8)
FN:35,(anonymous_9)
FNF:10
FNH:0
FNDA:0,(anonymous_0)
FNDA:0,(anonymous_1)
FNDA:0,(anonymous_2)
FNDA:0,(anonymous_3)
FNDA:0,(anonymous_4)
FNDA:0,(anonymous_5)
FNDA:0,(anonymous_6)
FNDA:0,(anonymous_7)
FNDA:0,(anonymous_8)
FNDA:0,(anonymous_9)
DA:2,3
DA:4,3
DA:7,0
DA:10,0
DA:13,0
DA:16,0
DA:19,0
DA:24,0
DA:27,0
DA:30,0
DA:33,0
DA:36,0
LF:12
LH:2
BRF:0
BRH:0
end_of_record
TN:
SF:src/repository/likeRepository.ts
FN:5,(anonymous_0)
FN:8,(anonymous_1)
FN:11,(anonymous_2)
FN:15,(anonymous_3)
FN:18,(anonymous_4)
FN:21,(anonymous_5)
FNF:6
FNH:0
FNDA:0,(anonymous_0)
FNDA:0,(anonymous_1)
FNDA:0,(anonymous_2)
FNDA:0,(anonymous_3)
FNDA:0,(anonymous_4)
FNDA:0,(anonymous_5)
DA:2,3
DA:4,3
DA:6,0
DA:9,0
DA:12,0
DA:16,0
DA:19,0
DA:22,0
LF:8
LH:2
BRF:0
BRH:0
end_of_record
TN:
SF:src/repository/notificationRepository.ts
FN:5,(anonymous_0)
FN:8,(anonymous_1)
FN:11,(anonymous_2)
FN:14,(anonymous_3)
FNF:4
FNH:0
FNDA:0,(anonymous_0)
FNDA:0,(anonymous_1)
FNDA:0,(anonymous_2)
FNDA:0,(anonymous_3)
DA:1,3
DA:4,3
DA:6,0
DA:9,0
DA:12,0
DA:17,0
LF:6
LH:2
BRF:0
BRH:0
end_of_record
TN:
SF:src/repository/productRepository.ts
FN:5,(anonymous_0)
FN:8,(anonymous_1)
FN:13,(anonymous_2)
FN:16,(anonymous_3)
FN:19,(anonymous_4)
FN:22,(anonymous_5)
FN:25,(anonymous_6)
FN:28,(anonymous_7)
FN:31,(anonymous_8)
FNF:9
FNH:2
FNDA:5,(anonymous_0)
FNDA:2,(anonymous_1)
FNDA:0,(anonymous_2)
FNDA:0,(anonymous_3)
FNDA:0,(anonymous_4)
FNDA:0,(anonymous_5)
FNDA:0,(anonymous_6)
FNDA:0,(anonymous_7)
FNDA:0,(anonymous_8)
DA:2,3
DA:4,3
DA:6,5
DA:11,2
DA:14,0
DA:17,0
DA:20,0
DA:23,0
DA:26,0
DA:29,0
DA:32,0
LF:11
LH:4
BRF:0
BRH:0
end_of_record
TN:
SF:src/repository/userRepository.ts
FN:5,(anonymous_0)
FN:8,(anonymous_1)
FNF:2
FNH:0
FNDA:0,(anonymous_0)
FNDA:0,(anonymous_1)
DA:2,3
DA:4,3
DA:6,0
DA:9,0
LF:4
LH:2
BRF:0
BRH:0
end_of_record
TN:
SF:src/routers/articleRouter.ts
FNF:0
FNH:0
DA:1,3
DA:2,3
DA:3,3
DA:9,3
DA:10,3
DA:11,3
DA:12,3
DA:13,3
DA:14,3
DA:16,3
DA:19,3
DA:29,3
DA:45,3
DA:59,3
LF:14
LH:14
BRF:0
BRH:0
end_of_record
TN:
SF:src/routers/authRouter.ts
FNF:0
FNH:0
DA:1,3
DA:2,3
DA:3,3
DA:10,3
DA:11,3
DA:12,3
DA:13,3
DA:15,3
DA:16,3
DA:18,3
DA:29,3
DA:59,3
LF:12
LH:12
BRF:0
BRH:0
end_of_record
TN:
SF:src/routers/commentRouter.ts
FNF:0
FNH:0
DA:1,3
DA:2,3
DA:3,3
DA:4,3
DA:5,3
DA:6,3
DA:7,3
DA:8,3
DA:9,3
DA:10,3
DA:11,3
DA:12,3
DA:15,3
DA:31,3
DA:47,3
DA:58,3
DA:69,3
DA:74,3
DA:79,3
LF:19
LH:19
BRF:0
BRH:0
end_of_record
TN:
SF:src/routers/likeRouter.ts
FNF:0
FNH:0
DA:1,3
DA:2,3
DA:3,3
DA:4,3
DA:5,3
DA:6,3
DA:7,3
DA:8,3
DA:10,3
DA:17,3
DA:24,3
LF:11
LH:11
BRF:0
BRH:0
end_of_record
TN:
SF:src/routers/notificationRouter.ts
FNF:0
FNH:0
DA:1,3
DA:2,3
DA:3,3
DA:7,3
DA:8,3
DA:9,3
DA:11,3
DA:13,3
DA:15,3
DA:22,3
DA:27,3
DA:33,3
LF:12
LH:12
BRF:0
BRH:0
end_of_record
TN:
SF:src/routers/productRouter.ts
FNF:0
FNH:0
DA:1,3
DA:2,3
DA:3,3
DA:9,3
DA:10,3
DA:11,3
DA:12,3
DA:13,3
DA:14,3
DA:18,3
DA:19,3
DA:21,3
DA:34,3
DA:50,3
DA:64,3
LF:15
LH:15
BRF:0
BRH:0
end_of_record
TN:
SF:src/routers/userRouter.ts
FNF:0
FNH:0
DA:1,3
DA:2,3
DA:3,3
DA:4,3
DA:5,3
DA:7,3
DA:9,3
DA:13,3
LF:8
LH:8
BRF:0
BRH:0
end_of_record
TN:
SF:src/service/articleService.ts
FN:13,(anonymous_0)
FN:14,(anonymous_1)
FN:37,(anonymous_2)
FN:43,(anonymous_3)
FN:59,(anonymous_4)
FN:77,(anonymous_5)
FN:99,(anonymous_6)
FN:111,(anonymous_7)
FN:124,(anonymous_8)
FNF:9
FNH:3
FNDA:3,(anonymous_0)
FNDA:5,(anonymous_1)
FNDA:0,(anonymous_2)
FNDA:0,(anonymous_3)
FNDA:2,(anonymous_4)
FNDA:0,(anonymous_5)
FNDA:0,(anonymous_6)
FNDA:0,(anonymous_7)
FNDA:0,(anonymous_8)
DA:10,3
DA:12,3
DA:13,3
DA:15,5
DA:17,5
DA:22,5
DA:34,5
DA:38,0
DA:39,0
DA:41,0
DA:42,0
DA:43,0
DA:48,0
DA:56,0
DA:60,2
DA:61,2
DA:72,2
DA:74,1
DA:78,0
DA:79,0
DA:80,0
DA:87,0
DA:92,0
DA:93,0
DA:96,0
DA:100,0
DA:101,0
DA:105,0
DA:106,0
DA:108,0
DA:112,0
DA:114,0
DA:115,0
DA:117,0
DA:121,0
DA:125,0
DA:126,0
DA:127,0
DA:129,0
DA:133,0
LF:40
LH:11
BRDA:15,0,0,4
BRDA:15,1,0,4
BRDA:23,2,0,1
BRDA:23,2,1,4
BRDA:27,3,0,2
BRDA:27,3,1,3
BRDA:27,4,0,5
BRDA:27,4,1,2
BRDA:27,4,2,1
BRDA:41,5,0,0
BRDA:41,5,1,0
BRDA:41,6,0,0
BRDA:41,6,1,0
BRDA:92,7,0,0
BRDA:92,7,1,0
BRDA:105,8,0,0
BRDA:105,8,1,0
BRDA:114,9,0,0
BRDA:114,9,1,0
BRDA:126,10,0,0
BRDA:126,10,1,0
BRF:21
BRH:9
end_of_record
TN:
SF:src/service/authService.ts
FN:14,(anonymous_1)
FN:16,(anonymous_2)
FN:41,(anonymous_3)
FN:56,(anonymous_4)
FN:71,(anonymous_5)
FN:99,(anonymous_6)
FN:126,(anonymous_7)
FN:152,(anonymous_8)
FNF:8
FNH:3
FNDA:3,(anonymous_1)
FNDA:2,(anonymous_2)
FNDA:3,(anonymous_3)
FNDA:0,(anonymous_4)
FNDA:0,(anonymous_5)
FNDA:0,(anonymous_6)
FNDA:0,(anonymous_7)
FNDA:0,(anonymous_8)
DA:2,3
DA:10,3
DA:11,3
DA:13,3
DA:14,3
DA:17,2
DA:18,2
DA:19,2
DA:21,2
DA:22,0
DA:24,2
DA:36,2
DA:37,1
DA:38,1
DA:42,3
DA:43,3
DA:44,3
DA:45,1
DA:47,2
DA:48,2
DA:49,1
DA:52,1
DA:53,1
DA:57,0
DA:58,0
DA:59,0
DA:61,0
DA:62,0
DA:63,0
DA:64,0
DA:67,0
DA:68,0
DA:72,0
DA:73,0
DA:88,0
DA:89,0
DA:90,0
DA:92,0
DA:93,0
DA:96,0
DA:100,0
DA:101,0
DA:103,0
DA:104,0
DA:123,0
DA:127,0
DA:128,0
DA:130,0
DA:131,0
DA:132,0
DA:133,0
DA:135,0
DA:136,0
DA:137,0
DA:139,0
DA:140,0
DA:142,0
DA:149,0
DA:153,0
DA:154,0
DA:155,0
DA:157,0
LF:62
LH:22
BRDA:21,0,0,0
BRDA:21,0,1,2
BRDA:44,1,0,1
BRDA:44,1,1,2
BRDA:48,2,0,1
BRDA:48,2,1,1
BRDA:58,3,0,0
BRDA:58,3,1,0
BRDA:63,4,0,0
BRDA:63,4,1,0
BRDA:89,5,0,0
BRDA:89,5,1,0
BRDA:92,6,0,0
BRDA:92,6,1,0
BRDA:100,7,0,0
BRDA:100,7,1,0
BRDA:127,8,0,0
BRDA:127,8,1,0
BRDA:132,9,0,0
BRDA:132,9,1,0
BRDA:136,10,0,0
BRDA:136,10,1,0
BRDA:154,11,0,0
BRDA:154,11,1,0
BRF:24
BRH:5
end_of_record
TN:
SF:src/service/commentService.ts
FN:14,(anonymous_0)
FN:16,(anonymous_1)
FN:30,(anonymous_2)
FN:60,(anonymous_3)
FN:80,(anonymous_4)
FN:100,(anonymous_5)
FN:116,(anonymous_6)
FN:132,(anonymous_7)
FN:156,(anonymous_8)
FNF:9
FNH:1
FNDA:3,(anonymous_0)
FNDA:0,(anonymous_1)
FNDA:0,(anonymous_2)
FNDA:0,(anonymous_3)
FNDA:0,(anonymous_4)
FNDA:0,(anonymous_5)
FNDA:0,(anonymous_6)
FNDA:0,(anonymous_7)
FNDA:0,(anonymous_8)
DA:9,3
DA:10,3
DA:11,3
DA:12,3
DA:13,3
DA:14,3
DA:17,0
DA:18,0
DA:19,0
DA:27,0
DA:31,0
DA:32,0
DA:33,0
DA:41,0
DA:42,0
DA:43,0
DA:44,0
DA:53,0
DA:54,0
DA:57,0
DA:61,0
DA:62,0
DA:63,0
DA:64,0
DA:68,0
DA:69,0
DA:71,0
DA:72,0
DA:74,0
DA:81,0
DA:82,0
DA:83,0
DA:84,0
DA:88,0
DA:89,0
DA:91,0
DA:92,0
DA:94,0
DA:101,0
DA:102,0
DA:103,0
DA:107,0
DA:108,0
DA:110,0
DA:111,0
DA:113,0
DA:117,0
DA:118,0
DA:119,0
DA:123,0
DA:124,0
DA:126,0
DA:127,0
DA:129,0
DA:133,0
DA:134,0
DA:135,0
DA:148,0
DA:149,0
DA:150,0
DA:151,0
DA:153,0
DA:157,0
DA:158,0
DA:159,0
DA:172,0
DA:173,0
DA:174,0
DA:175,0
DA:177,0
LF:70
LH:6
BRDA:43,0,0,0
BRDA:43,0,1,0
BRDA:43,1,0,0
BRDA:43,1,1,0
BRDA:68,2,0,0
BRDA:68,2,1,0
BRDA:71,3,0,0
BRDA:71,3,1,0
BRDA:88,4,0,0
BRDA:88,4,1,0
BRDA:91,5,0,0
BRDA:91,5,1,0
BRDA:107,6,0,0
BRDA:107,6,1,0
BRDA:110,7,0,0
BRDA:110,7,1,0
BRDA:123,8,0,0
BRDA:123,8,1,0
BRDA:126,9,0,0
BRDA:126,9,1,0
BRDA:133,10,0,0
BRDA:136,11,0,0
BRDA:136,11,1,0
BRDA:137,12,0,0
BRDA:137,12,1,0
BRDA:150,13,0,0
BRDA:150,13,1,0
BRDA:157,14,0,0
BRDA:160,15,0,0
BRDA:160,15,1,0
BRDA:161,16,0,0
BRDA:161,16,1,0
BRDA:174,17,0,0
BRDA:174,17,1,0
BRF:34
BRH:0
end_of_record
TN:
SF:src/service/likeService.ts
FN:6,(anonymous_0)
FN:8,(anonymous_1)
FN:29,(anonymous_2)
FNF:3
FNH:1
FNDA:3,(anonymous_0)
FNDA:0,(anonymous_1)
FNDA:0,(anonymous_2)
DA:5,3
DA:6,3
DA:9,0
DA:10,0
DA:11,0
DA:13,0
DA:15,0
DA:16,0
DA:17,0
DA:19,0
DA:25,0
DA:30,0
DA:31,0
DA:32,0
DA:34,0
DA:36,0
DA:37,0
DA:38,0
DA:40,0
DA:46,0
LF:20
LH:2
BRDA:15,0,0,0
BRDA:15,0,1,0
BRDA:36,1,0,0
BRDA:36,1,1,0
BRF:4
BRH:0
end_of_record
TN:
SF:src/service/notificationService.ts
FN:8,(anonymous_0)
FN:10,(anonymous_1)
FN:31,(anonymous_2)
FN:39,(anonymous_3)
FNF:4
FNH:1
FNDA:3,(anonymous_0)
FNDA:0,(anonymous_1)
FNDA:0,(anonymous_2)
FNDA:0,(anonymous_3)
DA:4,3
DA:7,3
DA:8,3
DA:11,0
DA:12,0
DA:14,0
DA:32,0
DA:33,0
DA:36,0
DA:40,0
DA:42,0
DA:47,0
DA:48,0
DA:51,0
LF:14
LH:3
BRDA:11,0,0,0
BRDA:11,1,0,0
BRDA:47,2,0,0
BRDA:47,2,1,0
BRF:4
BRH:0
end_of_record
TN:
SF:src/service/productService.ts
FN:14,(anonymous_0)
FN:15,(anonymous_1)
FN:47,(anonymous_2)
FN:52,(anonymous_3)
FN:81,(anonymous_4)
FN:136,(anonymous_5)
FN:156,(anonymous_6)
FN:170,(anonymous_7)
FN:185,(anonymous_8)
FNF:9
FNH:3
FNDA:3,(anonymous_0)
FNDA:5,(anonymous_1)
FNDA:0,(anonymous_2)
FNDA:0,(anonymous_3)
FNDA:0,(anonymous_4)
FNDA:2,(anonymous_5)
FNDA:0,(anonymous_6)
FNDA:0,(anonymous_7)
FNDA:0,(anonymous_8)
DA:8,3
DA:9,3
DA:10,3
DA:11,3
DA:13,3
DA:14,3
DA:16,5
DA:17,5
DA:21,5
DA:26,5
DA:43,5
DA:44,5
DA:48,0
DA:50,0
DA:51,0
DA:52,0
DA:59,0
DA:60,0
DA:61,0
DA:62,0
DA:64,0
DA:65,0
DA:69,0
DA:77,0
DA:78,0
DA:82,0
DA:83,0
DA:84,0
DA:88,0
DA:89,0
DA:93,0
DA:94,0
DA:95,0
DA:96,0
DA:98,0
DA:99,0
DA:103,0
DA:110,0
DA:112,0
DA:113,0
DA:117,0
DA:118,0
DA:119,0
DA:120,0
DA:128,0
DA:133,0
DA:137,2
DA:138,2
DA:151,2
DA:153,1
DA:157,0
DA:158,0
DA:162,0
DA:163,0
DA:165,0
DA:171,0
DA:173,0
DA:174,0
DA:176,0
DA:182,0
DA:186,0
DA:187,0
DA:188,0
DA:190,0
DA:194,0
LF:65
LH:16
BRDA:16,0,0,4
BRDA:16,1,0,4
BRDA:21,2,0,1
BRDA:21,2,1,4
BRDA:29,3,0,2
BRDA:29,3,1,3
BRDA:29,4,0,5
BRDA:29,4,1,2
BRDA:29,4,2,1
BRDA:50,5,0,0
BRDA:50,5,1,0
BRDA:50,6,0,0
BRDA:50,6,1,0
BRDA:59,7,0,0
BRDA:59,7,1,0
BRDA:61,8,0,0
BRDA:61,8,1,0
BRDA:73,9,0,0
BRDA:73,9,1,0
BRDA:88,10,0,0
BRDA:88,10,1,0
BRDA:93,11,0,0
BRDA:93,11,1,0
BRDA:95,12,0,0
BRDA:95,12,1,0
BRDA:107,13,0,0
BRDA:107,13,1,0
BRDA:112,14,0,0
BRDA:112,14,1,0
BRDA:112,15,0,0
BRDA:112,15,1,0
BRDA:119,16,0,0
BRDA:119,16,1,0
BRDA:162,17,0,0
BRDA:162,17,1,0
BRDA:173,18,0,0
BRDA:173,18,1,0
BRDA:187,19,0,0
BRDA:187,19,1,0
BRF:39
BRH:9
end_of_record
TN:
SF:src/service/userService.ts
FN:5,(anonymous_0)
FN:7,(anonymous_1)
FNF:2
FNH:1
FNDA:3,(anonymous_0)
FNDA:0,(anonymous_1)
DA:4,3
DA:5,3
DA:8,0
DA:9,0
DA:13,0
DA:28,0
DA:29,0
LF:7
LH:2
BRDA:8,0,0,0
BRDA:8,1,0,0
BRDA:17,2,0,0
BRDA:17,2,1,0
BRDA:17,3,0,0
BRDA:17,3,1,0
BRDA:17,3,2,0
BRF:7
BRH:0
end_of_record
TN:
SF:src/structs/articleStruct.ts
FNF:0
FNH:0
DA:1,3
DA:3,3
DA:4,3
DA:5,3
DA:11,3
DA:14,3
DA:19,3
LF:7
LH:7
BRF:0
BRH:0
end_of_record
TN:
SF:src/structs/commentStruct.ts
FN:25,(anonymous_9)
FN:26,(anonymous_10)
FNF:2
FNH:0
FNDA:0,(anonymous_9)
FNDA:0,(anonymous_10)
DA:1,3
DA:3,3
DA:4,3
DA:9,3
DA:14,3
DA:19,3
DA:24,3
DA:25,0
DA:26,0
LF:9
LH:7
BRF:0
BRH:0
end_of_record
TN:
SF:src/structs/commonStruct.ts
FN:6,(anonymous_9)
FN:7,(anonymous_10)
FN:23,(anonymous_11)
FNF:3
FNH:3
FNDA:2,(anonymous_9)
FNDA:2,(anonymous_10)
FNDA:4,(anonymous_11)
DA:1,3
DA:5,3
DA:6,2
DA:7,2
DA:12,3
DA:18,3
DA:23,3
DA:24,4
LF:8
LH:8
BRF:0
BRH:0
end_of_record
TN:
SF:src/structs/notificationStruct.ts
FNF:0
FNH:0
DA:1,3
DA:3,3
DA:5,3
DA:8,3
LF:4
LH:4
BRF:0
BRH:0
end_of_record
TN:
SF:src/structs/productStruct.ts
FNF:0
FNH:0
DA:1,3
DA:3,3
DA:4,3
DA:5,3
DA:7,3
DA:16,3
DA:19,3
DA:24,3
LF:8
LH:8
BRF:0
BRH:0
end_of_record
TN:
SF:src/structs/userStruct.ts
FN:6,(anonymous_10)
FNF:1
FNH:1
FNDA:7,(anonymous_10)
DA:1,3
DA:2,3
DA:4,3
DA:5,3
DA:6,3
DA:7,7
DA:9,3
DA:18,3
DA:21,3
DA:27,3
DA:33,3
DA:38,3
LF:12
LH:12
BRDA:7,0,0,7
BRDA:7,0,1,7
BRF:2
BRH:2
end_of_record
TN:
SF:src/utils/constants.ts
FNF:0
FNH:0
DA:1,3
DA:2,3
DA:4,3
DA:5,3
DA:7,3
DA:9,3
DA:10,3
DA:11,3
DA:14,3
DA:15,3
DA:16,3
DA:17,3
DA:18,3
DA:19,3
LF:14
LH:14
BRDA:4,0,0,3
BRDA:4,0,1,0
BRDA:7,1,0,3
BRDA:7,1,1,0
BRDA:9,2,0,3
BRDA:9,2,1,0
BRF:6
BRH:3
end_of_record
TN:
SF:src/utils/cookies.ts
FN:4,(anonymous_0)
FN:20,(anonymous_1)
FNF:2
FNH:1
FNDA:1,(anonymous_0)
FNDA:0,(anonymous_1)
DA:1,3
DA:4,3
DA:5,1
DA:11,1
DA:20,3
DA:21,0
DA:22,0
LF:7
LH:5
BRF:0
BRH:0
end_of_record
TN:
SF:src/utils/errors.ts
FN:4,(anonymous_0)
FNF:1
FNH:1
FNDA:2,(anonymous_0)
DA:1,3
DA:5,2
DA:6,2
LF:3
LH:3
BRF:0
BRH:0
end_of_record
TN:
SF:src/utils/prismaClient.ts
FNF:0
FNH:0
DA:1,3
DA:3,3
LF:2
LH:2
BRF:0
BRH:0
end_of_record
TN:
SF:src/utils/token.ts
FN:7,(anonymous_1)
FN:19,(anonymous_2)
FN:24,(anonymous_3)
FNF:3
FNH:1
FNDA:1,(anonymous_1)
FNDA:0,(anonymous_2)
FNDA:0,(anonymous_3)
DA:1,3
DA:2,3
DA:7,3
DA:8,1
DA:12,1
DA:16,1
DA:19,3
DA:20,0
DA:21,0
DA:24,3
DA:25,0
DA:26,0
LF:12
LH:8
BRF:0
BRH:0
end_of_record
